[Appium] Welcome to Appium v1.7.2
[Appium] Non-default server args:
[Appium]   address: 127.0.0.1
[Appium]   bootstrapPort: 9515
[Appium]   sessionOverride: true
[Appium]   udid: LE67A06310143950
[Appium] Deprecated server args:
[Appium]   -U,--udid => --default-capabilities '{"udid":"LE67A06310143950"}'
[Appium] Default capabilities, which will be added to each request unless overridden by desired capabilities:
[Appium]   udid: LE67A06310143950
[Appium] Appium REST http interface listener started on 127.0.0.1:4723
[HTTP] --> GET /wd/hub/status {}
[debug] [MJSONWP] Calling AppiumDriver.getStatus() with args: []
[debug] [MJSONWP] Responding to client with driver.getStatus() result: {"build":{"version":"1.7.2","revision":null}}
[HTTP] <-- GET /wd/hub/status 200 54 ms - 72 
[HTTP] --> POST /wd/hub/session {"capabilities":{"firstMatch":[{}],"alwaysMatch":{"platformName":"android"}},"desiredCapabilities":{"udid":"LE67A06310143950","recreateChromeDriverSessions":"True","unicodeKeyboard":"True","resetKeyboard":"True","app":"D:\\workspace\\python\\mAppium\\app\\taidu.apk","appPackage":"com.tude.android","appActivity":".base.SplashActivity","platformName":"android","deviceName":"LE67A06310143950","noReset":"False","noSign":"True"}}
[debug] [MJSONWP] Calling AppiumDriver.createSession() with args: [{"udid":"LE67A06310143950","recreateChromeDriverSessions":"True","unicodeKeyboard":"True","resetKeyboard":"True","app":"D:\\workspace\\python\\mAppium\\app\\taidu.apk","appPackage":"com.tude.android","appActivity":".base.SplashActivity","platformName":"android","deviceName":"LE67A06310143950","noReset":"False","noSign":"True"},null,{"firstMatch":[{}],"alwaysMatch":{"platformName":"android"}}]
[debug] [BaseDriver] Event 'newSessionRequested' logged at 1526981546636 (17:32:26 GMT+0800 (中国标准时间))
[Appium] Merged W3C capabilities {"firstMatch":[{}],"alwaysMatch":{"platformName... into desiredCapabilities object {"udid":"LE67A06310143950","recreateChromeDrive...
[Appium] Creating new AndroidDriver (v1.40.0) session
[Appium] Capabilities:
[Appium]   udid: LE67A06310143950
[Appium]   recreateChromeDriverSessions: True
[Appium]   unicodeKeyboard: True
[Appium]   resetKeyboard: True
[Appium]   app: D:\workspace\python\mAppium\app\taidu.apk
[Appium]   appPackage: com.tude.android
[Appium]   appActivity: .base.SplashActivity
[Appium]   platformName: android
[Appium]   deviceName: LE67A06310143950
[Appium]   noReset: False
[Appium]   noSign: True
[debug] [BaseDriver] 
[debug] [BaseDriver] W3C capabilities [] and MJSONWP desired capabilities  were provided
[BaseDriver] Expected W3C "capabilities" to be a JSON Object but was provided with: []
[BaseDriver] Falling back to MJSONWP desired capabilities
[BaseDriver] Capability 'noReset' changed from string to boolean. This may cause unexpected behavior
[BaseDriver] Capability 'unicodeKeyboard' changed from string to boolean. This may cause unexpected behavior
[BaseDriver] Capability 'resetKeyboard' changed from string to boolean. This may cause unexpected behavior
[BaseDriver] Capability 'noSign' changed from string to boolean. This may cause unexpected behavior
[BaseDriver] Session created with session id: 1ed0295f-00b6-44b2-9fde-267712ba768b
[debug] [AndroidDriver] Getting Java version
[AndroidDriver] Java version is: 1.8.0_131
[ADB] Checking whether adb is present
[ADB] Found the following 'build-tools' folders (newest first):
[ADB]     D:/Android/AndroidSDK/build-tools/27.0.3/
    D:/Android/AndroidSDK/build-tools/27.0.0/
[ADB] Using adb.exe from D:\Android\AndroidSDK\platform-tools\adb.exe
[AndroidDriver] Retrieving device list
[debug] [ADB] Trying to find a connected android device
[debug] [ADB] Getting connected devices...
[debug] [ADB] 1 device(s) connected
[AndroidDriver] Using device: LE67A06310143950
[ADB] Checking whether adb is present
[debug] [ADB] Setting device id to LE67A06310143950
[BaseDriver] Using local app 'D:\workspace\python\mAppium\app\taidu.apk'
[debug] [AndroidDriver] Checking whether app is actually present
[AndroidDriver] Starting Android session
[debug] [ADB] Running 'D:\Android\AndroidSDK\platform-tools\adb.exe' with args: ["-P",5037,"-s","LE67A06310143950","wait-for-device"]
[debug] [ADB] Getting connected devices...
[debug] [ADB] 1 device(s) connected
[debug] [ADB] Running 'D:\Android\AndroidSDK\platform-tools\adb.exe' with args: ["-P",5037,"-s","LE67A06310143950","shell","echo","ping"]
[debug] [AndroidDriver] Pushing settings apk to device...
[debug] [ADB] Getting install status for io.appium.settings
[debug] [ADB] Getting connected devices...
[debug] [ADB] 1 device(s) connected
[debug] [ADB] Running 'D:\Android\AndroidSDK\platform-tools\adb.exe' with args: ["-P",5037,"-s","LE67A06310143950","shell","pm","list","packages","io.appium.settings"]
[debug] [ADB] App is installed
[debug] [ADB] Getting package info for io.appium.settings
[debug] [ADB] Getting connected devices...
[debug] [ADB] 1 device(s) connected
[debug] [ADB] Running 'D:\Android\AndroidSDK\platform-tools\adb.exe' with args: ["-P",5037,"-s","LE67A06310143950","shell","dumpsys","package","io.appium.settings"]
[ADB] Checking whether aapt is present
[ADB] Found the following 'build-tools' folders (newest first):
[ADB]     D:/Android/AndroidSDK/build-tools/27.0.3/
    D:/Android/AndroidSDK/build-tools/27.0.0/
[ADB] Using aapt.exe from D:\Android\AndroidSDK\build-tools\27.0.3\aapt.exe
[debug] [ADB] The installed 'io.appium.settings' package does not require upgrade ('2.3.0' >= '2.3.0')
[debug] [ADB] Getting connected devices...
[debug] [ADB] 1 device(s) connected
[debug] [ADB] Running 'D:\Android\AndroidSDK\platform-tools\adb.exe' with args: ["-P",5037,"-s","LE67A06310143950","shell","ps"]
[debug] [ADB] Getting connected devices...
[debug] [ADB] 1 device(s) connected
[debug] [ADB] Running 'D:\Android\AndroidSDK\platform-tools\adb.exe' with args: ["-P",5037,"-s","LE67A06310143950","shell","getprop","ro.build.version.sdk"]
[debug] [ADB] Current device property 'ro.build.version.sdk': 23
[debug] [ADB] Device API level: 23
[debug] [ADB] Getting connected devices...
[debug] [ADB] 1 device(s) connected
[debug] [ADB] Running 'D:\Android\AndroidSDK\platform-tools\adb.exe' with args: ["-P",5037,"-s","LE67A06310143950","shell","am","start","-W","-n","io.appium.settings/.Settings","-a","android.intent.action.MAIN","-c","android.intent.category.LAUNCHER","-f","0x10200000"]
[debug] [ADB] Device API level: 23
[debug] [ADB] Getting connected devices...
[debug] [ADB] 1 device(s) connected
[debug] [ADB] Running 'D:\Android\AndroidSDK\platform-tools\adb.exe' with args: ["-P",5037,"-s","LE67A06310143950","shell","appops","set","io.appium.settings","android:mock_location","allow"]
[AndroidDriver] setDeviceLanguageCountry requires language or country.
[AndroidDriver] Got language: 'null' and country: 'null'
[debug] [Logcat] Starting logcat capture
[debug] [AndroidDriver] Enabling Unicode keyboard support
[debug] [AndroidDriver] Pushing unicode ime to device...
[debug] [ADB] Running 'D:\Android\AndroidSDK\platform-tools\adb.exe' with args: ["-P",5037,"-s","LE67A06310143950","install","D:\\nodejs\\new_modules\\node_modules\\appium\\node_modules\\_appium-android-ime@2.0.0@appium-android-ime\\bin\\UnicodeIME-debug.apk"]
[debug] [ADB] Install command stdout: [100%] /data/local/tmp/UnicodeIME-debug.apk
D:\nodejs\new_modules\node_modules\appium\node_modules\_appium-android-ime@2.0.0@appium-android-ime\bin\UnicodeIME-debug.apk: 1 file pushed. 0.6 MB/s (36795 bytes in 0.056s)
Please select on your phone whether can install the app by The ADB command?
	pkg: /data/local/tmp/UnicodeIME-debug.apk
Failure [INSTALL_FAILED_ALREADY_EXISTS]
[debug] [ADB] Getting connected devices...
[debug] [ADB] 1 device(s) connected
[debug] [ADB] Running 'D:\Android\AndroidSDK\platform-tools\adb.exe' with args: ["-P",5037,"-s","LE67A06310143950","shell","settings","get","secure","default_input_method"]
[debug] [AndroidDriver] Unsetting previous IME com.sohu.inputmethod.sogou.leshi/.SogouIME
[debug] [AndroidDriver] Setting IME to 'io.appium.android.ime/.UnicodeIME'
[debug] [ADB] Getting connected devices...
[debug] [ADB] 1 device(s) connected
[debug] [ADB] Running 'D:\Android\AndroidSDK\platform-tools\adb.exe' with args: ["-P",5037,"-s","LE67A06310143950","shell","ime","enable","io.appium.android.ime/.UnicodeIME"]
[debug] [ADB] Getting connected devices...
[debug] [ADB] 1 device(s) connected
[debug] [ADB] Running 'D:\Android\AndroidSDK\platform-tools\adb.exe' with args: ["-P",5037,"-s","LE67A06310143950","shell","ime","set","io.appium.android.ime/.UnicodeIME"]
[debug] [AndroidDriver] Pushing unlock helper app to device...
[debug] [ADB] Getting install status for io.appium.unlock
[debug] [ADB] Getting connected devices...
[debug] [ADB] 1 device(s) connected
[debug] [ADB] Running 'D:\Android\AndroidSDK\platform-tools\adb.exe' with args: ["-P",5037,"-s","LE67A06310143950","shell","pm","list","packages","io.appium.unlock"]
[debug] [ADB] App is installed
[debug] [ADB] Getting package info for io.appium.unlock
[debug] [ADB] Getting connected devices...
[debug] [ADB] 1 device(s) connected
[debug] [ADB] Running 'D:\Android\AndroidSDK\platform-tools\adb.exe' with args: ["-P",5037,"-s","LE67A06310143950","shell","dumpsys","package","io.appium.unlock"]
[ADB] Checking whether aapt is present
[debug] [ADB] The installed 'io.appium.unlock' package does not require upgrade ('2.0.0' >= '2.0.0')
[ADB] Getting device platform version
[debug] [ADB] Getting connected devices...
[debug] [ADB] 1 device(s) connected
[debug] [ADB] Running 'D:\Android\AndroidSDK\platform-tools\adb.exe' with args: ["-P",5037,"-s","LE67A06310143950","shell","getprop","ro.build.version.release"]
[debug] [ADB] Current device property 'ro.build.version.release': 6.0
[debug] [ADB] Getting connected devices...
[debug] [ADB] 1 device(s) connected
[debug] [ADB] Running 'D:\Android\AndroidSDK\platform-tools\adb.exe' with args: ["-P",5037,"-s","LE67A06310143950","shell","wm","size"]
[debug] [ADB] Getting connected devices...
[debug] [ADB] 1 device(s) connected
[debug] [ADB] Running 'D:\Android\AndroidSDK\platform-tools\adb.exe' with args: ["-P",5037,"-s","LE67A06310143950","shell","getprop","ro.product.model"]
[debug] [ADB] Current device property 'ro.product.model': Le X620
[debug] [ADB] Getting connected devices...
[debug] [ADB] 1 device(s) connected
[debug] [ADB] Running 'D:\Android\AndroidSDK\platform-tools\adb.exe' with args: ["-P",5037,"-s","LE67A06310143950","shell","getprop","ro.product.manufacturer"]
[debug] [ADB] Current device property 'ro.product.manufacturer': LeMobile
[debug] [ADB] Getting install status for com.tude.android
[debug] [ADB] Getting connected devices...
[debug] [ADB] 1 device(s) connected
[debug] [ADB] Running 'D:\Android\AndroidSDK\platform-tools\adb.exe' with args: ["-P",5037,"-s","LE67A06310143950","shell","pm","list","packages","com.tude.android"]
[debug] [ADB] App is installed
[debug] [ADB] Getting package info for com.tude.android
[debug] [ADB] Getting connected devices...
[debug] [ADB] 1 device(s) connected
[debug] [ADB] Running 'D:\Android\AndroidSDK\platform-tools\adb.exe' with args: ["-P",5037,"-s","LE67A06310143950","shell","dumpsys","package","com.tude.android"]
[ADB] Checking whether aapt is present
[debug] [ADB] The installed 'com.tude.android' package does not require upgrade (318 > 316)
[AndroidDriver] Performing fast reset on 'com.tude.android'
[debug] [ADB] Getting install status for com.tude.android
[debug] [ADB] Getting connected devices...
[debug] [ADB] 1 device(s) connected
[debug] [ADB] Running 'D:\Android\AndroidSDK\platform-tools\adb.exe' with args: ["-P",5037,"-s","LE67A06310143950","shell","pm","list","packages","com.tude.android"]
[debug] [ADB] App is installed
[debug] [ADB] Getting connected devices...
[debug] [ADB] 1 device(s) connected
[debug] [ADB] Running 'D:\Android\AndroidSDK\platform-tools\adb.exe' with args: ["-P",5037,"-s","LE67A06310143950","shell","am","force-stop","com.tude.android"]
[debug] [ADB] Getting connected devices...
[debug] [ADB] 1 device(s) connected
[debug] [ADB] Running 'D:\Android\AndroidSDK\platform-tools\adb.exe' with args: ["-P",5037,"-s","LE67A06310143950","shell","pm","clear","com.tude.android"]
[debug] [AndroidDriver] Performed fast reset on the installed 'com.tude.android' application (stop and clear)
[debug] [AndroidDriver] Extracting strings from apk D:\workspace\python\mAppium\app\taidu.apk null C:\Users\cm\AppData\Local\Temp\com.tude.android
[debug] [ADB] Extracting strings for language: default
[debug] [ADB] Device API level: 23
[debug] [ADB] Getting connected devices...
[debug] [ADB] 1 device(s) connected
[debug] [ADB] Running 'D:\Android\AndroidSDK\platform-tools\adb.exe' with args: ["-P",5037,"-s","LE67A06310143950","shell","getprop","persist.sys.locale"]
[debug] [ADB] Current device property 'persist.sys.locale': zh-CN
[debug] [ADB] Reading strings from converted strings.json
[debug] [ADB] Running 'D:\Android\AndroidSDK\platform-tools\adb.exe' with args: ["-P",5037,"-s","LE67A06310143950","push","C:\\Users\\cm\\AppData\\Local\\Temp\\com.tude.android\\strings.json","/data/local/tmp"]
[debug] [AndroidBootstrap] Watching for bootstrap disconnect
[debug] [ADB] Forwarding system: 9515 to device: 4724
[debug] [ADB] Running 'D:\Android\AndroidSDK\platform-tools\adb.exe' with args: ["-P",5037,"-s","LE67A06310143950","forward","tcp:9515","tcp:4724"]
[debug] [UiAutomator] Starting UiAutomator
[debug] [UiAutomator] Moving to state 'starting'
[debug] [UiAutomator] Parsing uiautomator jar
[debug] [UiAutomator] Found jar name: 'AppiumBootstrap.jar'
[debug] [ADB] Running 'D:\Android\AndroidSDK\platform-tools\adb.exe' with args: ["-P",5037,"-s","LE67A06310143950","push","D:\\nodejs\\new_modules\\node_modules\\appium\\node_modules\\_appium-android-bootstrap@2.10.0@appium-android-bootstrap\\bootstrap\\bin\\AppiumBootstrap.jar","/data/local/tmp/"]
[debug] [ADB] Attempting to kill all uiautomator processes
[debug] [ADB] Getting all processes with uiautomator
[debug] [ADB] Getting connected devices...
[debug] [ADB] 1 device(s) connected
[debug] [ADB] Running 'D:\Android\AndroidSDK\platform-tools\adb.exe' with args: ["-P",5037,"-s","LE67A06310143950","shell","ps"]
[ADB] No uiautomator process found to kill, continuing...
[debug] [UiAutomator] Starting UIAutomator
[debug] [ADB] Creating ADB subprocess with args: ["-P",5037,"-s","LE67A06310143950","shell","uiautomator","runtest","AppiumBootstrap.jar","-c","io.appium.android.bootstrap.Bootstrap","-e","pkg","com.tude.android","-e","disableAndroidWatchers",false,"-e","acceptSslCerts",false]
[debug] [UiAutomator] Moving to state 'online'
[debug] [AndroidBootstrap] [BOOTSTRAP LOG] [debug] Loading json...
[debug] [AndroidBootstrap] [BOOTSTRAP LOG] [debug] json loading complete.
[debug] [AndroidBootstrap] [BOOTSTRAP LOG] [debug] Registered crash watchers.
[AndroidBootstrap] Android bootstrap socket is now connected
[debug] [ADB] Getting connected devices...
[debug] [AndroidBootstrap] [BOOTSTRAP LOG] [debug] Client connected
[debug] [ADB] 1 device(s) connected
[debug] [ADB] Running 'D:\Android\AndroidSDK\platform-tools\adb.exe' with args: ["-P",5037,"-s","LE67A06310143950","shell","dumpsys","window"]
[AndroidDriver] Screen already unlocked, doing nothing
[debug] [ADB] Device API level: 23
[debug] [ADB] Getting connected devices...
[debug] [ADB] 1 device(s) connected
[debug] [ADB] Running 'D:\Android\AndroidSDK\platform-tools\adb.exe' with args: ["-P",5037,"-s","LE67A06310143950","shell","am","start","-W","-n","com.tude.android/.base.SplashActivity","-S","-a","android.intent.action.MAIN","-c","android.intent.category.LAUNCHER","-f","0x10200000"]
[Appium] New AndroidDriver session created successfully, session 1ed0295f-00b6-44b2-9fde-267712ba768b added to master session list
[debug] [BaseDriver] Event 'newSessionStarted' logged at 1526981568629 (17:32:48 GMT+0800 (中国标准时间))
[debug] [MJSONWP] Responding to client with driver.createSession() result: {"platform":"LINUX","webStorageEnabled":false,"takesScreenshot":true,"javascriptEnabled":true,"databaseEnabled":false,"networkConnectionEnabled":true,"locationContextEnabled":false,"warnings":{},"desired":{"udid":"LE67A06310143950","recreateChromeDriverSessions":"True","unicodeKeyboard":true,"resetKeyboard":true,"app":"D:\\workspace\\python\\mAppium\\app\\taidu.apk","appPackage":"com.tude.android","appActivity":".base.SplashActivity","platformName":"android","deviceName":"LE67A06310143950","noReset":false,"noSign":true},"udid":"LE67A06310143950","recreateChromeDriverSessions":"True","unicodeKeyboard":true,"resetKeyboard":true,"app":"D:\\workspace\\python\\mAppium\\app\\taidu.apk","appPackage":"com.tude.android","appActivity":".base.SplashActivity","platformName":"android","deviceName":"LE67A06310143950","noReset":false,"noSign":true,"deviceUDID":"LE67A06310143950","platformVersion":"6.0","deviceScreenSize":"1080x1920","deviceModel":"Le X620","deviceManufacturer":"LeMobile"}
[HTTP] <-- POST /wd/hub/session 200 21994 ms - 1060 
[HTTP] --> POST /wd/hub/session/1ed0295f-00b6-44b2-9fde-267712ba768b/timeouts/implicit_wait {"ms":10000,"sessionId":"1ed0295f-00b6-44b2-9fde-267712ba768b"}
[debug] [MJSONWP] Calling AppiumDriver.implicitWait() with args: [10000,"1ed0295f-00b6-44b2-9fde-267712ba768b"]
[debug] [BaseDriver] Set implicit wait to 10000ms
[debug] [MJSONWP] Responding to client with driver.implicitWait() result: null
[HTTP] <-- POST /wd/hub/session/1ed0295f-00b6-44b2-9fde-267712ba768b/timeouts/implicit_wait 200 7 ms - 76 
[HTTP] --> POST /wd/hub/session/1ed0295f-00b6-44b2-9fde-267712ba768b/element {"using":"id","value":"com.android.packageinstaller:id/permission_allow_button","sessionId":"1ed0295f-00b6-44b2-9fde-267712ba768b"}
[debug] [MJSONWP] Calling AppiumDriver.findElement() with args: ["id","com.android.packageinstaller:id/permission_allow_button","1ed0295f-00b6-44b2-9fde-267712ba768b"]
[debug] [BaseDriver] Valid locator strategies for this request: xpath, id, class name, accessibility id, -android uiautomator
[debug] [BaseDriver] Valid locator strategies for this request: xpath, id, class name, accessibility id, -android uiautomator
[debug] [BaseDriver] Waiting up to 10000 ms for condition
[debug] [AndroidBootstrap] Sending command to android: {"cmd":"action","action":"find","params":{"strategy":"id","selector":"com.android.packageinstaller:id/permission_allow_button","context":"","multiple":false}}
[debug] [AndroidBootstrap] [BOOTSTRAP LOG] [debug] Got data from client: {"cmd":"action","action":"find","params":{"strategy":"id","selector":"com.android.packageinstaller:id/permission_allow_button","context":"","multiple":false}}
[debug] [AndroidBootstrap] [BOOTSTRAP LOG] [debug] Got command of type ACTION
[debug] [AndroidBootstrap] [BOOTSTRAP LOG] [debug] Got command action: find
[debug] [AndroidBootstrap] [BOOTSTRAP LOG] [debug] Finding 'com.android.packageinstaller:id/permission_allow_button' using 'ID' with the contextId: '' multiple: false
[debug] [AndroidBootstrap] [BOOTSTRAP LOG] [debug] Using: UiSelector[INSTANCE=0, RESOURCE_ID=com.android.packageinstaller:id/permission_allow_button]
[debug] [AndroidBootstrap] [BOOTSTRAP LOG] [debug] Failed to locate element. Clearing Accessibility cache and retrying.
[debug] [AndroidBootstrap] [BOOTSTRAP LOG] [debug] Finding 'com.android.packageinstaller:id/permission_allow_button' using 'ID' with the contextId: '' multiple: false
[debug] [AndroidBootstrap] [BOOTSTRAP LOG] [debug] Using: UiSelector[INSTANCE=0, RESOURCE_ID=com.android.packageinstaller:id/permission_allow_button]
[debug] [AndroidBootstrap] Received command result from bootstrap
[debug] [MJSONWP] Responding to client with driver.findElement() result: {"ELEMENT":"1"}
[HTTP] <-- POST /wd/hub/session/1ed0295f-00b6-44b2-9fde-267712ba768b/element 200 2260 ms - 87 
[debug] [AndroidBootstrap] [BOOTSTRAP LOG] [debug] Returning result: {"status":0,"value":{"ELEMENT":"1"}}
[HTTP] --> POST /wd/hub/session/1ed0295f-00b6-44b2-9fde-267712ba768b/element/1/click {"id":"1","sessionId":"1ed0295f-00b6-44b2-9fde-267712ba768b"}
[debug] [MJSONWP] Calling AppiumDriver.click() with args: ["1","1ed0295f-00b6-44b2-9fde-267712ba768b"]
[debug] [AndroidBootstrap] Sending command to android: {"cmd":"action","action":"element:click","params":{"elementId":"1"}}
[debug] [AndroidBootstrap] [BOOTSTRAP LOG] [debug] Got data from client: {"cmd":"action","action":"element:click","params":{"elementId":"1"}}
[debug] [AndroidBootstrap] [BOOTSTRAP LOG] [debug] Got command of type ACTION
[debug] [AndroidBootstrap] [BOOTSTRAP LOG] [debug] Got command action: click
[debug] [AndroidBootstrap] Received command result from bootstrap
[debug] [MJSONWP] Responding to client with driver.click() result: true
[HTTP] <-- POST /wd/hub/session/1ed0295f-00b6-44b2-9fde-267712ba768b/element/1/click 200 632 ms - 76 
[debug] [AndroidBootstrap] [BOOTSTRAP LOG] [debug] Returning result: {"status":0,"value":true}
[HTTP] --> POST /wd/hub/session/1ed0295f-00b6-44b2-9fde-267712ba768b/element {"using":"id","value":"com.android.packageinstaller:id/permission_allow_button","sessionId":"1ed0295f-00b6-44b2-9fde-267712ba768b"}
[debug] [MJSONWP] Calling AppiumDriver.findElement() with args: ["id","com.android.packageinstaller:id/permission_allow_button","1ed0295f-00b6-44b2-9fde-267712ba768b"]
[debug] [BaseDriver] Valid locator strategies for this request: xpath, id, class name, accessibility id, -android uiautomator
[debug] [BaseDriver] Valid locator strategies for this request: xpath, id, class name, accessibility id, -android uiautomator
[debug] [BaseDriver] Waiting up to 10000 ms for condition
[debug] [AndroidBootstrap] Sending command to android: {"cmd":"action","action":"find","params":{"strategy":"id","selector":"com.android.packageinstaller:id/permission_allow_button","context":"","multiple":false}}
[debug] [AndroidBootstrap] [BOOTSTRAP LOG] [debug] Got data from client: {"cmd":"action","action":"find","params":{"strategy":"id","selector":"com.android.packageinstaller:id/permission_allow_button","context":"","multiple":false}}
[debug] [AndroidBootstrap] [BOOTSTRAP LOG] [debug] Got command of type ACTION
[debug] [AndroidBootstrap] [BOOTSTRAP LOG] [debug] Got command action: find
[debug] [AndroidBootstrap] [BOOTSTRAP LOG] [debug] Finding 'com.android.packageinstaller:id/permission_allow_button' using 'ID' with the contextId: '' multiple: false
[debug] [AndroidBootstrap] [BOOTSTRAP LOG] [debug] Using: UiSelector[INSTANCE=0, RESOURCE_ID=com.android.packageinstaller:id/permission_allow_button]
[debug] [AndroidBootstrap] Received command result from bootstrap
[debug] [MJSONWP] Responding to client with driver.findElement() result: {"ELEMENT":"2"}
[HTTP] <-- POST /wd/hub/session/1ed0295f-00b6-44b2-9fde-267712ba768b/element 200 465 ms - 87 
[debug] [AndroidBootstrap] [BOOTSTRAP LOG] [debug] Returning result: {"status":0,"value":{"ELEMENT":"2"}}
[HTTP] --> POST /wd/hub/session/1ed0295f-00b6-44b2-9fde-267712ba768b/element/2/click {"id":"2","sessionId":"1ed0295f-00b6-44b2-9fde-267712ba768b"}
[debug] [MJSONWP] Calling AppiumDriver.click() with args: ["2","1ed0295f-00b6-44b2-9fde-267712ba768b"]
[debug] [AndroidBootstrap] Sending command to android: {"cmd":"action","action":"element:click","params":{"elementId":"2"}}
[debug] [AndroidBootstrap] [BOOTSTRAP LOG] [debug] Got data from client: {"cmd":"action","action":"element:click","params":{"elementId":"2"}}
[debug] [AndroidBootstrap] [BOOTSTRAP LOG] [debug] Got command of type ACTION
[debug] [AndroidBootstrap] [BOOTSTRAP LOG] [debug] Got command action: click
[debug] [AndroidBootstrap] Received command result from bootstrap
[debug] [MJSONWP] Responding to client with driver.click() result: true
[HTTP] <-- POST /wd/hub/session/1ed0295f-00b6-44b2-9fde-267712ba768b/element/2/click 200 199 ms - 76 
[debug] [AndroidBootstrap] [BOOTSTRAP LOG] [debug] Returning result: {"status":0,"value":true}
[HTTP] --> POST /wd/hub/session/1ed0295f-00b6-44b2-9fde-267712ba768b/element {"using":"id","value":"com.android.packageinstaller:id/permission_allow_button","sessionId":"1ed0295f-00b6-44b2-9fde-267712ba768b"}
[debug] [MJSONWP] Calling AppiumDriver.findElement() with args: ["id","com.android.packageinstaller:id/permission_allow_button","1ed0295f-00b6-44b2-9fde-267712ba768b"]
[debug] [BaseDriver] Valid locator strategies for this request: xpath, id, class name, accessibility id, -android uiautomator
[debug] [BaseDriver] Valid locator strategies for this request: xpath, id, class name, accessibility id, -android uiautomator
[debug] [BaseDriver] Waiting up to 10000 ms for condition
[debug] [AndroidBootstrap] Sending command to android: {"cmd":"action","action":"find","params":{"strategy":"id","selector":"com.android.packageinstaller:id/permission_allow_button","context":"","multiple":false}}
[debug] [AndroidBootstrap] [BOOTSTRAP LOG] [debug] Got data from client: {"cmd":"action","action":"find","params":{"strategy":"id","selector":"com.android.packageinstaller:id/permission_allow_button","context":"","multiple":false}}
[debug] [AndroidBootstrap] [BOOTSTRAP LOG] [debug] Got command of type ACTION
[debug] [AndroidBootstrap] [BOOTSTRAP LOG] [debug] Got command action: find
[debug] [AndroidBootstrap] [BOOTSTRAP LOG] [debug] Finding 'com.android.packageinstaller:id/permission_allow_button' using 'ID' with the contextId: '' multiple: false
[debug] [AndroidBootstrap] [BOOTSTRAP LOG] [debug] Using: UiSelector[INSTANCE=0, RESOURCE_ID=com.android.packageinstaller:id/permission_allow_button]
[debug] [AndroidBootstrap] [BOOTSTRAP LOG] [debug] Returning result: {"status":0,"value":{"ELEMENT":"3"}}
[debug] [AndroidBootstrap] Received command result from bootstrap
[debug] [MJSONWP] Responding to client with driver.findElement() result: {"ELEMENT":"3"}
[HTTP] <-- POST /wd/hub/session/1ed0295f-00b6-44b2-9fde-267712ba768b/element 200 495 ms - 87 
[HTTP] --> POST /wd/hub/session/1ed0295f-00b6-44b2-9fde-267712ba768b/element/3/click {"id":"3","sessionId":"1ed0295f-00b6-44b2-9fde-267712ba768b"}
[debug] [MJSONWP] Calling AppiumDriver.click() with args: ["3","1ed0295f-00b6-44b2-9fde-267712ba768b"]
[debug] [AndroidBootstrap] Sending command to android: {"cmd":"action","action":"element:click","params":{"elementId":"3"}}
[debug] [AndroidBootstrap] [BOOTSTRAP LOG] [debug] Got data from client: {"cmd":"action","action":"element:click","params":{"elementId":"3"}}
[debug] [AndroidBootstrap] [BOOTSTRAP LOG] [debug] Got command of type ACTION
[debug] [AndroidBootstrap] [BOOTSTRAP LOG] [debug] Got command action: click
[debug] [AndroidBootstrap] Received command result from bootstrap
[debug] [MJSONWP] Responding to client with driver.click() result: true
[HTTP] <-- POST /wd/hub/session/1ed0295f-00b6-44b2-9fde-267712ba768b/element/3/click 200 162 ms - 76 
[debug] [AndroidBootstrap] [BOOTSTRAP LOG] [debug] Returning result: {"status":0,"value":true}
[HTTP] --> POST /wd/hub/session/1ed0295f-00b6-44b2-9fde-267712ba768b/element {"using":"id","value":"com.android.packageinstaller:id/permission_allow_button","sessionId":"1ed0295f-00b6-44b2-9fde-267712ba768b"}
[debug] [MJSONWP] Calling AppiumDriver.findElement() with args: ["id","com.android.packageinstaller:id/permission_allow_button","1ed0295f-00b6-44b2-9fde-267712ba768b"]
[debug] [BaseDriver] Valid locator strategies for this request: xpath, id, class name, accessibility id, -android uiautomator
[debug] [BaseDriver] Valid locator strategies for this request: xpath, id, class name, accessibility id, -android uiautomator
[debug] [BaseDriver] Waiting up to 10000 ms for condition
[debug] [AndroidBootstrap] Sending command to android: {"cmd":"action","action":"find","params":{"strategy":"id","selector":"com.android.packageinstaller:id/permission_allow_button","context":"","multiple":false}}
[debug] [AndroidBootstrap] [BOOTSTRAP LOG] [debug] Got data from client: {"cmd":"action","action":"find","params":{"strategy":"id","selector":"com.android.packageinstaller:id/permission_allow_button","context":"","multiple":false}}
[debug] [AndroidBootstrap] [BOOTSTRAP LOG] [debug] Got command of type ACTION
[debug] [AndroidBootstrap] [BOOTSTRAP LOG] [debug] Got command action: find
[debug] [AndroidBootstrap] [BOOTSTRAP LOG] [debug] Finding 'com.android.packageinstaller:id/permission_allow_button' using 'ID' with the contextId: '' multiple: false
[debug] [AndroidBootstrap] [BOOTSTRAP LOG] [debug] Using: UiSelector[INSTANCE=0, RESOURCE_ID=com.android.packageinstaller:id/permission_allow_button]
[debug] [AndroidBootstrap] [BOOTSTRAP LOG] [debug] Returning result: {"status":0,"value":{"ELEMENT":"4"}}
[debug] [AndroidBootstrap] Received command result from bootstrap
[debug] [MJSONWP] Responding to client with driver.findElement() result: {"ELEMENT":"4"}
[HTTP] <-- POST /wd/hub/session/1ed0295f-00b6-44b2-9fde-267712ba768b/element 200 508 ms - 87 
[HTTP] --> POST /wd/hub/session/1ed0295f-00b6-44b2-9fde-267712ba768b/element/4/click {"id":"4","sessionId":"1ed0295f-00b6-44b2-9fde-267712ba768b"}
[debug] [MJSONWP] Calling AppiumDriver.click() with args: ["4","1ed0295f-00b6-44b2-9fde-267712ba768b"]
[debug] [AndroidBootstrap] Sending command to android: {"cmd":"action","action":"element:click","params":{"elementId":"4"}}
[debug] [AndroidBootstrap] [BOOTSTRAP LOG] [debug] Got data from client: {"cmd":"action","action":"element:click","params":{"elementId":"4"}}
[debug] [AndroidBootstrap] [BOOTSTRAP LOG] [debug] Got command of type ACTION
[debug] [AndroidBootstrap] [BOOTSTRAP LOG] [debug] Got command action: click
[debug] [AndroidBootstrap] [BOOTSTRAP LOG] [debug] Returning result: {"status":0,"value":true}
[debug] [AndroidBootstrap] Received command result from bootstrap
[debug] [MJSONWP] Responding to client with driver.click() result: true
[HTTP] <-- POST /wd/hub/session/1ed0295f-00b6-44b2-9fde-267712ba768b/element/4/click 200 1331 ms - 76 
[HTTP] --> POST /wd/hub/session/1ed0295f-00b6-44b2-9fde-267712ba768b/element {"using":"id","value":"com.tude.android:id/btn_cart","sessionId":"1ed0295f-00b6-44b2-9fde-267712ba768b"}
[debug] [MJSONWP] Calling AppiumDriver.findElement() with args: ["id","com.tude.android:id/btn_cart","1ed0295f-00b6-44b2-9fde-267712ba768b"]
[debug] [BaseDriver] Valid locator strategies for this request: xpath, id, class name, accessibility id, -android uiautomator
[debug] [BaseDriver] Valid locator strategies for this request: xpath, id, class name, accessibility id, -android uiautomator
[debug] [BaseDriver] Waiting up to 10000 ms for condition
[debug] [AndroidBootstrap] Sending command to android: {"cmd":"action","action":"find","params":{"strategy":"id","selector":"com.tude.android:id/btn_cart","context":"","multiple":false}}
[debug] [AndroidBootstrap] [BOOTSTRAP LOG] [debug] Got data from client: {"cmd":"action","action":"find","params":{"strategy":"id","selector":"com.tude.android:id/btn_cart","context":"","multiple":false}}
[debug] [AndroidBootstrap] [BOOTSTRAP LOG] [debug] Got command of type ACTION
[debug] [AndroidBootstrap] [BOOTSTRAP LOG] [debug] Got command action: find
[debug] [AndroidBootstrap] [BOOTSTRAP LOG] [debug] Finding 'com.tude.android:id/btn_cart' using 'ID' with the contextId: '' multiple: false
[debug] [AndroidBootstrap] [UIAUTO STDOUT] [APPIUM-UIAUTO] [debug] Using: UiSelector[INSTANCE=0
[debug] [AndroidBootstrap] [UIAUTO STDOUT] , RESOURCE_ID=com.tude.android:id/btn_cart][/APPIUM-UIAUTO]
[debug] [AndroidBootstrap] Received command result from bootstrap
[debug] [MJSONWP] Responding to client with driver.findElement() result: {"ELEMENT":"5"}
[HTTP] <-- POST /wd/hub/session/1ed0295f-00b6-44b2-9fde-267712ba768b/element 200 716 ms - 87 
[debug] [AndroidBootstrap] [BOOTSTRAP LOG] [debug] Returning result: {"status":0,"value":{"ELEMENT":"5"}}
[HTTP] --> POST /wd/hub/session/1ed0295f-00b6-44b2-9fde-267712ba768b/element/5/click {"id":"5","sessionId":"1ed0295f-00b6-44b2-9fde-267712ba768b"}
[debug] [MJSONWP] Calling AppiumDriver.click() with args: ["5","1ed0295f-00b6-44b2-9fde-267712ba768b"]
[debug] [AndroidBootstrap] Sending command to android: {"cmd":"action","action":"element:click","params":{"elementId":"5"}}
[debug] [AndroidBootstrap] [BOOTSTRAP LOG] [debug] Got data from client: {"cmd":"action","action":"element:click","params":{"elementId":"5"}}
[debug] [AndroidBootstrap] [BOOTSTRAP LOG] [debug] Got command of type ACTION
[debug] [AndroidBootstrap] [BOOTSTRAP LOG] [debug] Got command action: click
[debug] [AndroidBootstrap] Received command result from bootstrap
[debug] [MJSONWP] Responding to client with driver.click() result: true
[HTTP] <-- POST /wd/hub/session/1ed0295f-00b6-44b2-9fde-267712ba768b/element/5/click 200 573 ms - 76 
[debug] [AndroidBootstrap] [BOOTSTRAP LOG] [debug] Returning result: {"status":0,"value":true}
[HTTP] --> DELETE /wd/hub/session/1ed0295f-00b6-44b2-9fde-267712ba768b {}
[debug] [MJSONWP] Calling AppiumDriver.deleteSession() with args: ["1ed0295f-00b6-44b2-9fde-267712ba768b"]
[debug] [BaseDriver] Event 'quitSessionRequested' logged at 1526981576117 (17:32:56 GMT+0800 (中国标准时间))
[Appium] Removing session 1ed0295f-00b6-44b2-9fde-267712ba768b from our master session list
[debug] [AndroidDriver] Shutting down Android driver
[debug] [AndroidDriver] Resetting IME to com.sohu.inputmethod.sogou.leshi/.SogouIME
[debug] [ADB] Getting connected devices...
[debug] [ADB] 1 device(s) connected
[debug] [ADB] Running 'D:\Android\AndroidSDK\platform-tools\adb.exe' with args: ["-P",5037,"-s","LE67A06310143950","shell","ime","set","com.sohu.inputmethod.sogou.leshi/.SogouIME"]
[debug] [ADB] Getting connected devices...
[debug] [ADB] 1 device(s) connected
[debug] [ADB] Running 'D:\Android\AndroidSDK\platform-tools\adb.exe' with args: ["-P",5037,"-s","LE67A06310143950","shell","am","force-stop","com.tude.android"]
[debug] [ADB] Pressing the HOME button
[debug] [ADB] Getting connected devices...
[debug] [ADB] 1 device(s) connected
[debug] [ADB] Running 'D:\Android\AndroidSDK\platform-tools\adb.exe' with args: ["-P",5037,"-s","LE67A06310143950","shell","input","keyevent",3]
[debug] [AndroidBootstrap] Sending command to android: {"cmd":"shutdown"}
[debug] [AndroidBootstrap] [BOOTSTRAP LOG] [debug] Got data from client: {"cmd":"shutdown"}
[debug] [AndroidBootstrap] Received command result from bootstrap
[debug] [UiAutomator] Shutting down UiAutomator
[debug] [UiAutomator] Moving to state 'stopping'
[debug] [AndroidBootstrap] [BOOTSTRAP LOG] [debug] Got command of type SHUTDOWN
[debug] [AndroidBootstrap] [BOOTSTRAP LOG] [debug] Returning result: {"status":0,"value":"OK, shutting down"}
[debug] [UiAutomator] UiAutomator shut down normally
[debug] [UiAutomator] Moving to state 'stopped'
[debug] [ADB] Attempting to kill all uiautomator processes
[debug] [ADB] Getting all processes with uiautomator
[debug] [ADB] Getting connected devices...
[debug] [ADB] 1 device(s) connected
[debug] [ADB] Running 'D:\Android\AndroidSDK\platform-tools\adb.exe' with args: ["-P",5037,"-s","LE67A06310143950","shell","ps"]
[ADB] No uiautomator process found to kill, continuing...
[debug] [UiAutomator] Moving to state 'stopped'
[debug] [Logcat] Stopping logcat capture
[debug] [ADB] Getting connected devices...
[debug] [ADB] 1 device(s) connected
[debug] [ADB] Running 'D:\Android\AndroidSDK\platform-tools\adb.exe' with args: ["-P",5037,"-s","LE67A06310143950","shell","am","force-stop","io.appium.unlock"]
[debug] [AndroidDriver] Not cleaning generated files. Add `clearSystemFiles` capability if wanted.
[debug] [BaseDriver] Event 'quitSessionFinished' logged at 1526981580761 (17:33:00 GMT+0800 (中国标准时间))
[debug] [MJSONWP] Received response: null
[debug] [MJSONWP] But deleting session, so not returning
[debug] [MJSONWP] Responding to client with driver.deleteSession() result: null
[HTTP] <-- DELETE /wd/hub/session/1ed0295f-00b6-44b2-9fde-267712ba768b 200 4645 ms - 76 
[HTTP] --> POST /wd/hub/session {"capabilities":{"firstMatch":[{}],"alwaysMatch":{"platformName":"android"}},"desiredCapabilities":{"udid":"LE67A06310143950","recreateChromeDriverSessions":"True","unicodeKeyboard":"True","resetKeyboard":"True","app":"D:\\workspace\\python\\mAppium\\app\\taidu.apk","appPackage":"com.tude.android","appActivity":".base.SplashActivity","platformName":"android","deviceName":"LE67A06310143950","noReset":"False","noSign":"True"}}
[debug] [MJSONWP] Calling AppiumDriver.createSession() with args: [{"udid":"LE67A06310143950","recreateChromeDriverSessions":"True","unicodeKeyboard":"True","resetKeyboard":"True","app":"D:\\workspace\\python\\mAppium\\app\\taidu.apk","appPackage":"com.tude.android","appActivity":".base.SplashActivity","platformName":"android","deviceName":"LE67A06310143950","noReset":"False","noSign":"True"},null,{"firstMatch":[{}],"alwaysMatch":{"platformName":"android"}}]
[debug] [BaseDriver] Event 'newSessionRequested' logged at 1526981580786 (17:33:00 GMT+0800 (中国标准时间))
[Appium] Merged W3C capabilities {"firstMatch":[{}],"alwaysMatch":{"platformName... into desiredCapabilities object {"udid":"LE67A06310143950","recreateChromeDrive...
[Appium] Creating new AndroidDriver (v1.40.0) session
[Appium] Capabilities:
[Appium]   udid: LE67A06310143950
[Appium]   recreateChromeDriverSessions: True
[Appium]   unicodeKeyboard: True
[Appium]   resetKeyboard: True
[Appium]   app: D:\workspace\python\mAppium\app\taidu.apk
[Appium]   appPackage: com.tude.android
[Appium]   appActivity: .base.SplashActivity
[Appium]   platformName: android
[Appium]   deviceName: LE67A06310143950
[Appium]   noReset: False
[Appium]   noSign: True
[debug] [BaseDriver] 
[debug] [BaseDriver] W3C capabilities [] and MJSONWP desired capabilities  were provided
[BaseDriver] Expected W3C "capabilities" to be a JSON Object but was provided with: []
[BaseDriver] Falling back to MJSONWP desired capabilities
[BaseDriver] Capability 'noReset' changed from string to boolean. This may cause unexpected behavior
[BaseDriver] Capability 'unicodeKeyboard' changed from string to boolean. This may cause unexpected behavior
[BaseDriver] Capability 'resetKeyboard' changed from string to boolean. This may cause unexpected behavior
[BaseDriver] Capability 'noSign' changed from string to boolean. This may cause unexpected behavior
[BaseDriver] Session created with session id: 2f79f71d-31e4-45d9-b20f-5e3fef51b2b6
[debug] [AndroidDriver] Getting Java version
[AndroidDriver] Java version is: 1.8.0_131
[ADB] Checking whether adb is present
[AndroidDriver] Retrieving device list
[debug] [ADB] Trying to find a connected android device
[debug] [ADB] Getting connected devices...
[debug] [ADB] 1 device(s) connected
[AndroidDriver] Using device: LE67A06310143950
[ADB] Checking whether adb is present
[debug] [ADB] Setting device id to LE67A06310143950
[BaseDriver] Using local app 'D:\workspace\python\mAppium\app\taidu.apk'
[debug] [AndroidDriver] Checking whether app is actually present
[AndroidDriver] Starting Android session
[debug] [ADB] Running 'D:\Android\AndroidSDK\platform-tools\adb.exe' with args: ["-P",5037,"-s","LE67A06310143950","wait-for-device"]
[debug] [ADB] Getting connected devices...
[debug] [ADB] 1 device(s) connected
[debug] [ADB] Running 'D:\Android\AndroidSDK\platform-tools\adb.exe' with args: ["-P",5037,"-s","LE67A06310143950","shell","echo","ping"]
[debug] [AndroidDriver] Pushing settings apk to device...
[debug] [ADB] Getting install status for io.appium.settings
[debug] [ADB] Getting connected devices...
[debug] [ADB] 1 device(s) connected
[debug] [ADB] Running 'D:\Android\AndroidSDK\platform-tools\adb.exe' with args: ["-P",5037,"-s","LE67A06310143950","shell","pm","list","packages","io.appium.settings"]
[debug] [ADB] App is installed
[debug] [ADB] Getting package info for io.appium.settings
[debug] [ADB] Getting connected devices...
[debug] [ADB] 1 device(s) connected
[debug] [ADB] Running 'D:\Android\AndroidSDK\platform-tools\adb.exe' with args: ["-P",5037,"-s","LE67A06310143950","shell","dumpsys","package","io.appium.settings"]
[ADB] Checking whether aapt is present
[debug] [ADB] The installed 'io.appium.settings' package does not require upgrade ('2.3.0' >= '2.3.0')
[debug] [ADB] Getting connected devices...
[debug] [ADB] 1 device(s) connected
[debug] [ADB] Running 'D:\Android\AndroidSDK\platform-tools\adb.exe' with args: ["-P",5037,"-s","LE67A06310143950","shell","ps"]
[debug] [AndroidDriver] io.appium.settings is already running. There is no need to reset its permissions.
[debug] [ADB] Getting connected devices...
[debug] [ADB] 1 device(s) connected
[debug] [ADB] Running 'D:\Android\AndroidSDK\platform-tools\adb.exe' with args: ["-P",5037,"-s","LE67A06310143950","shell","getprop","ro.build.version.sdk"]
[debug] [ADB] Current device property 'ro.build.version.sdk': 23
[debug] [ADB] Device API level: 23
[debug] [ADB] Getting connected devices...
[debug] [ADB] 1 device(s) connected
[debug] [ADB] Running 'D:\Android\AndroidSDK\platform-tools\adb.exe' with args: ["-P",5037,"-s","LE67A06310143950","shell","appops","set","io.appium.settings","android:mock_location","allow"]
[AndroidDriver] setDeviceLanguageCountry requires language or country.
[AndroidDriver] Got language: 'null' and country: 'null'
[debug] [Logcat] Starting logcat capture
[debug] [AndroidDriver] Enabling Unicode keyboard support
[debug] [AndroidDriver] Pushing unicode ime to device...
[debug] [ADB] Running 'D:\Android\AndroidSDK\platform-tools\adb.exe' with args: ["-P",5037,"-s","LE67A06310143950","install","D:\\nodejs\\new_modules\\node_modules\\appium\\node_modules\\_appium-android-ime@2.0.0@appium-android-ime\\bin\\UnicodeIME-debug.apk"]
[debug] [ADB] Install command stdout: [100%] /data/local/tmp/UnicodeIME-debug.apk
D:\nodejs\new_modules\node_modules\appium\node_modules\_appium-android-ime@2.0.0@appium-android-ime\bin\UnicodeIME-debug.apk: 1 file pushed. 2.7 MB/s (36795 bytes in 0.013s)
Please select on your phone whether can install the app by The ADB command?
	pkg: /data/local/tmp/UnicodeIME-debug.apk
Failure [INSTALL_FAILED_ALREADY_EXISTS]
[debug] [ADB] Getting connected devices...
[debug] [ADB] 1 device(s) connected
[debug] [ADB] Running 'D:\Android\AndroidSDK\platform-tools\adb.exe' with args: ["-P",5037,"-s","LE67A06310143950","shell","settings","get","secure","default_input_method"]
[debug] [AndroidDriver] Unsetting previous IME com.sohu.inputmethod.sogou.leshi/.SogouIME
[debug] [AndroidDriver] Setting IME to 'io.appium.android.ime/.UnicodeIME'
[debug] [ADB] Getting connected devices...
[debug] [ADB] 1 device(s) connected
[debug] [ADB] Running 'D:\Android\AndroidSDK\platform-tools\adb.exe' with args: ["-P",5037,"-s","LE67A06310143950","shell","ime","enable","io.appium.android.ime/.UnicodeIME"]
[debug] [ADB] Getting connected devices...
[debug] [ADB] 1 device(s) connected
[debug] [ADB] Running 'D:\Android\AndroidSDK\platform-tools\adb.exe' with args: ["-P",5037,"-s","LE67A06310143950","shell","ime","set","io.appium.android.ime/.UnicodeIME"]
[debug] [AndroidDriver] Pushing unlock helper app to device...
[debug] [ADB] Getting install status for io.appium.unlock
[debug] [ADB] Getting connected devices...
[debug] [ADB] 1 device(s) connected
[debug] [ADB] Running 'D:\Android\AndroidSDK\platform-tools\adb.exe' with args: ["-P",5037,"-s","LE67A06310143950","shell","pm","list","packages","io.appium.unlock"]
[debug] [ADB] App is installed
[debug] [ADB] Getting package info for io.appium.unlock
[debug] [ADB] Getting connected devices...
[debug] [ADB] 1 device(s) connected
[debug] [ADB] Running 'D:\Android\AndroidSDK\platform-tools\adb.exe' with args: ["-P",5037,"-s","LE67A06310143950","shell","dumpsys","package","io.appium.unlock"]
[ADB] Checking whether aapt is present
[debug] [ADB] The installed 'io.appium.unlock' package does not require upgrade ('2.0.0' >= '2.0.0')
[ADB] Getting device platform version
[debug] [ADB] Getting connected devices...
[debug] [ADB] 1 device(s) connected
[debug] [ADB] Running 'D:\Android\AndroidSDK\platform-tools\adb.exe' with args: ["-P",5037,"-s","LE67A06310143950","shell","getprop","ro.build.version.release"]
[debug] [ADB] Current device property 'ro.build.version.release': 6.0
[debug] [ADB] Getting connected devices...
[debug] [ADB] 1 device(s) connected
[debug] [ADB] Running 'D:\Android\AndroidSDK\platform-tools\adb.exe' with args: ["-P",5037,"-s","LE67A06310143950","shell","wm","size"]
[debug] [ADB] Getting connected devices...
[debug] [ADB] 1 device(s) connected
[debug] [ADB] Running 'D:\Android\AndroidSDK\platform-tools\adb.exe' with args: ["-P",5037,"-s","LE67A06310143950","shell","getprop","ro.product.model"]
[debug] [ADB] Current device property 'ro.product.model': Le X620
[debug] [ADB] Getting connected devices...
[debug] [ADB] 1 device(s) connected
[debug] [ADB] Running 'D:\Android\AndroidSDK\platform-tools\adb.exe' with args: ["-P",5037,"-s","LE67A06310143950","shell","getprop","ro.product.manufacturer"]
[debug] [ADB] Current device property 'ro.product.manufacturer': LeMobile
[debug] [ADB] Getting install status for com.tude.android
[debug] [ADB] Getting connected devices...
[debug] [ADB] 1 device(s) connected
[debug] [ADB] Running 'D:\Android\AndroidSDK\platform-tools\adb.exe' with args: ["-P",5037,"-s","LE67A06310143950","shell","pm","list","packages","com.tude.android"]
[debug] [ADB] App is installed
[debug] [ADB] Getting package info for com.tude.android
[debug] [ADB] Getting connected devices...
[debug] [ADB] 1 device(s) connected
[debug] [ADB] Running 'D:\Android\AndroidSDK\platform-tools\adb.exe' with args: ["-P",5037,"-s","LE67A06310143950","shell","dumpsys","package","com.tude.android"]
[ADB] Checking whether aapt is present
[debug] [ADB] The installed 'com.tude.android' package does not require upgrade (318 > 316)
[AndroidDriver] Performing fast reset on 'com.tude.android'
[debug] [ADB] Getting install status for com.tude.android
[debug] [ADB] Getting connected devices...
[debug] [ADB] 1 device(s) connected
[debug] [ADB] Running 'D:\Android\AndroidSDK\platform-tools\adb.exe' with args: ["-P",5037,"-s","LE67A06310143950","shell","pm","list","packages","com.tude.android"]
[debug] [ADB] App is installed
[debug] [ADB] Getting connected devices...
[debug] [ADB] 1 device(s) connected
[debug] [ADB] Running 'D:\Android\AndroidSDK\platform-tools\adb.exe' with args: ["-P",5037,"-s","LE67A06310143950","shell","am","force-stop","com.tude.android"]
[debug] [ADB] Getting connected devices...
[debug] [ADB] 1 device(s) connected
[debug] [ADB] Running 'D:\Android\AndroidSDK\platform-tools\adb.exe' with args: ["-P",5037,"-s","LE67A06310143950","shell","pm","clear","com.tude.android"]
[debug] [AndroidDriver] Performed fast reset on the installed 'com.tude.android' application (stop and clear)
[debug] [AndroidDriver] Extracting strings from apk D:\workspace\python\mAppium\app\taidu.apk null C:\Users\cm\AppData\Local\Temp\com.tude.android
[debug] [ADB] Extracting strings for language: default
[debug] [ADB] Device API level: 23
[debug] [ADB] Getting connected devices...
[debug] [ADB] 1 device(s) connected
[debug] [ADB] Running 'D:\Android\AndroidSDK\platform-tools\adb.exe' with args: ["-P",5037,"-s","LE67A06310143950","shell","getprop","persist.sys.locale"]
[debug] [ADB] Current device property 'persist.sys.locale': zh-CN
[debug] [ADB] Reading strings from converted strings.json
[debug] [ADB] Running 'D:\Android\AndroidSDK\platform-tools\adb.exe' with args: ["-P",5037,"-s","LE67A06310143950","push","C:\\Users\\cm\\AppData\\Local\\Temp\\com.tude.android\\strings.json","/data/local/tmp"]
[debug] [AndroidBootstrap] Watching for bootstrap disconnect
[debug] [ADB] Forwarding system: 9515 to device: 4724
[debug] [ADB] Running 'D:\Android\AndroidSDK\platform-tools\adb.exe' with args: ["-P",5037,"-s","LE67A06310143950","forward","tcp:9515","tcp:4724"]
[debug] [UiAutomator] Starting UiAutomator
[debug] [UiAutomator] Moving to state 'starting'
[debug] [UiAutomator] Parsing uiautomator jar
[debug] [UiAutomator] Found jar name: 'AppiumBootstrap.jar'
[debug] [ADB] Running 'D:\Android\AndroidSDK\platform-tools\adb.exe' with args: ["-P",5037,"-s","LE67A06310143950","push","D:\\nodejs\\new_modules\\node_modules\\appium\\node_modules\\_appium-android-bootstrap@2.10.0@appium-android-bootstrap\\bootstrap\\bin\\AppiumBootstrap.jar","/data/local/tmp/"]
[debug] [ADB] Attempting to kill all uiautomator processes
[debug] [ADB] Getting all processes with uiautomator
[debug] [ADB] Getting connected devices...
[debug] [ADB] 1 device(s) connected
[debug] [ADB] Running 'D:\Android\AndroidSDK\platform-tools\adb.exe' with args: ["-P",5037,"-s","LE67A06310143950","shell","ps"]
[ADB] No uiautomator process found to kill, continuing...
[debug] [UiAutomator] Starting UIAutomator
[debug] [ADB] Creating ADB subprocess with args: ["-P",5037,"-s","LE67A06310143950","shell","uiautomator","runtest","AppiumBootstrap.jar","-c","io.appium.android.bootstrap.Bootstrap","-e","pkg","com.tude.android","-e","disableAndroidWatchers",false,"-e","acceptSslCerts",false]
[debug] [UiAutomator] Moving to state 'online'
[AndroidBootstrap] Android bootstrap socket is now connected
[debug] [ADB] Getting connected devices...
[debug] [AndroidBootstrap] [BOOTSTRAP LOG] [debug] json loading complete.
[debug] [AndroidBootstrap] [BOOTSTRAP LOG] [debug] Registered crash watchers.
[debug] [AndroidBootstrap] [BOOTSTRAP LOG] [debug] Client connected
[debug] [ADB] 1 device(s) connected
[debug] [ADB] Running 'D:\Android\AndroidSDK\platform-tools\adb.exe' with args: ["-P",5037,"-s","LE67A06310143950","shell","dumpsys","window"]
[AndroidDriver] Screen already unlocked, doing nothing
[debug] [ADB] Device API level: 23
[debug] [ADB] Getting connected devices...
[debug] [ADB] 1 device(s) connected
[debug] [ADB] Running 'D:\Android\AndroidSDK\platform-tools\adb.exe' with args: ["-P",5037,"-s","LE67A06310143950","shell","am","start","-W","-n","com.tude.android/.base.SplashActivity","-S","-a","android.intent.action.MAIN","-c","android.intent.category.LAUNCHER","-f","0x10200000"]
[Appium] New AndroidDriver session created successfully, session 2f79f71d-31e4-45d9-b20f-5e3fef51b2b6 added to master session list
[debug] [BaseDriver] Event 'newSessionStarted' logged at 1526981596893 (17:33:16 GMT+0800 (中国标准时间))
[debug] [MJSONWP] Responding to client with driver.createSession() result: {"platform":"LINUX","webStorageEnabled":false,"takesScreenshot":true,"javascriptEnabled":true,"databaseEnabled":false,"networkConnectionEnabled":true,"locationContextEnabled":false,"warnings":{},"desired":{"udid":"LE67A06310143950","recreateChromeDriverSessions":"True","unicodeKeyboard":true,"resetKeyboard":true,"app":"D:\\workspace\\python\\mAppium\\app\\taidu.apk","appPackage":"com.tude.android","appActivity":".base.SplashActivity","platformName":"android","deviceName":"LE67A06310143950","noReset":false,"noSign":true},"udid":"LE67A06310143950","recreateChromeDriverSessions":"True","unicodeKeyboard":true,"resetKeyboard":true,"app":"D:\\workspace\\python\\mAppium\\app\\taidu.apk","appPackage":"com.tude.android","appActivity":".base.SplashActivity","platformName":"android","deviceName":"LE67A06310143950","noReset":false,"noSign":true,"deviceUDID":"LE67A06310143950","platformVersion":"6.0","deviceScreenSize":"1080x1920","deviceModel":"Le X620","deviceManufacturer":"LeMobile"}
[HTTP] <-- POST /wd/hub/session 200 16107 ms - 1060 
[HTTP] --> POST /wd/hub/session/2f79f71d-31e4-45d9-b20f-5e3fef51b2b6/timeouts/implicit_wait {"ms":10000,"sessionId":"2f79f71d-31e4-45d9-b20f-5e3fef51b2b6"}
[debug] [MJSONWP] Calling AppiumDriver.implicitWait() with args: [10000,"2f79f71d-31e4-45d9-b20f-5e3fef51b2b6"]
[debug] [BaseDriver] Set implicit wait to 10000ms
[debug] [MJSONWP] Responding to client with driver.implicitWait() result: null
[HTTP] <-- POST /wd/hub/session/2f79f71d-31e4-45d9-b20f-5e3fef51b2b6/timeouts/implicit_wait 200 3 ms - 76 
[HTTP] --> POST /wd/hub/session/2f79f71d-31e4-45d9-b20f-5e3fef51b2b6/element {"using":"id","value":"com.android.packageinstaller:id/permission_allow_button","sessionId":"2f79f71d-31e4-45d9-b20f-5e3fef51b2b6"}
[debug] [MJSONWP] Calling AppiumDriver.findElement() with args: ["id","com.android.packageinstaller:id/permission_allow_button","2f79f71d-31e4-45d9-b20f-5e3fef51b2b6"]
[debug] [BaseDriver] Valid locator strategies for this request: xpath, id, class name, accessibility id, -android uiautomator
[debug] [BaseDriver] Valid locator strategies for this request: xpath, id, class name, accessibility id, -android uiautomator
[debug] [BaseDriver] Waiting up to 10000 ms for condition
[debug] [AndroidBootstrap] Sending command to android: {"cmd":"action","action":"find","params":{"strategy":"id","selector":"com.android.packageinstaller:id/permission_allow_button","context":"","multiple":false}}
[debug] [AndroidBootstrap] [BOOTSTRAP LOG] [debug] Got data from client: {"cmd":"action","action":"find","params":{"strategy":"id","selector":"com.android.packageinstaller:id/permission_allow_button","context":"","multiple":false}}
[debug] [AndroidBootstrap] [BOOTSTRAP LOG] [debug] Got command of type ACTION
[debug] [AndroidBootstrap] [BOOTSTRAP LOG] [debug] Got command action: find
[debug] [AndroidBootstrap] [BOOTSTRAP LOG] [debug] Finding 'com.android.packageinstaller:id/permission_allow_button' using 'ID' with the contextId: '' multiple: false
[debug] [AndroidBootstrap] [BOOTSTRAP LOG] [debug] Using: UiSelector[INSTANCE=0, RESOURCE_ID=com.android.packageinstaller:id/permission_allow_button]
[debug] [AndroidBootstrap] [BOOTSTRAP LOG] [debug] Returning result: {"status":0,"value":{"ELEMENT":"1"}}
[debug] [AndroidBootstrap] Received command result from bootstrap
[debug] [MJSONWP] Responding to client with driver.findElement() result: {"ELEMENT":"1"}
[HTTP] <-- POST /wd/hub/session/2f79f71d-31e4-45d9-b20f-5e3fef51b2b6/element 200 802 ms - 87 
[HTTP] --> POST /wd/hub/session/2f79f71d-31e4-45d9-b20f-5e3fef51b2b6/element/1/click {"id":"1","sessionId":"2f79f71d-31e4-45d9-b20f-5e3fef51b2b6"}
[debug] [MJSONWP] Calling AppiumDriver.click() with args: ["1","2f79f71d-31e4-45d9-b20f-5e3fef51b2b6"]
[debug] [AndroidBootstrap] Sending command to android: {"cmd":"action","action":"element:click","params":{"elementId":"1"}}
[debug] [AndroidBootstrap] [BOOTSTRAP LOG] [debug] Got data from client: {"cmd":"action","action":"element:click","params":{"elementId":"1"}}
[debug] [AndroidBootstrap] [BOOTSTRAP LOG] [debug] Got command of type ACTION
[debug] [AndroidBootstrap] [BOOTSTRAP LOG] [debug] Got command action: click
[debug] [AndroidBootstrap] [BOOTSTRAP LOG] [debug] Returning result: {"status":0,"value":true}
[debug] [AndroidBootstrap] Received command result from bootstrap
[debug] [MJSONWP] Responding to client with driver.click() result: true
[HTTP] <-- POST /wd/hub/session/2f79f71d-31e4-45d9-b20f-5e3fef51b2b6/element/1/click 200 611 ms - 76 
[HTTP] --> POST /wd/hub/session/2f79f71d-31e4-45d9-b20f-5e3fef51b2b6/element {"using":"id","value":"com.android.packageinstaller:id/permission_allow_button","sessionId":"2f79f71d-31e4-45d9-b20f-5e3fef51b2b6"}
[debug] [MJSONWP] Calling AppiumDriver.findElement() with args: ["id","com.android.packageinstaller:id/permission_allow_button","2f79f71d-31e4-45d9-b20f-5e3fef51b2b6"]
[debug] [BaseDriver] Valid locator strategies for this request: xpath, id, class name, accessibility id, -android uiautomator
[debug] [BaseDriver] Valid locator strategies for this request: xpath, id, class name, accessibility id, -android uiautomator
[debug] [BaseDriver] Waiting up to 10000 ms for condition
[debug] [AndroidBootstrap] Sending command to android: {"cmd":"action","action":"find","params":{"strategy":"id","selector":"com.android.packageinstaller:id/permission_allow_button","context":"","multiple":false}}
[debug] [AndroidBootstrap] [BOOTSTRAP LOG] [debug] Got data from client: {"cmd":"action","action":"find","params":{"strategy":"id","selector":"com.android.packageinstaller:id/permission_allow_button","context":"","multiple":false}}
[debug] [AndroidBootstrap] [BOOTSTRAP LOG] [debug] Got command of type ACTION
[debug] [AndroidBootstrap] [BOOTSTRAP LOG] [debug] Got command action: find
[debug] [AndroidBootstrap] [BOOTSTRAP LOG] [debug] Finding 'com.android.packageinstaller:id/permission_allow_button' using 'ID' with the contextId: '' multiple: false
[debug] [AndroidBootstrap] [BOOTSTRAP LOG] [debug] Using: UiSelector[INSTANCE=0, RESOURCE_ID=com.android.packageinstaller:id/permission_allow_button]
[debug] [AndroidBootstrap] Received command result from bootstrap
[debug] [MJSONWP] Responding to client with driver.findElement() result: {"ELEMENT":"2"}
[HTTP] <-- POST /wd/hub/session/2f79f71d-31e4-45d9-b20f-5e3fef51b2b6/element 200 487 ms - 87 
[debug] [AndroidBootstrap] [BOOTSTRAP LOG] [debug] Returning result: {"status":0,"value":{"ELEMENT":"2"}}
[HTTP] --> POST /wd/hub/session/2f79f71d-31e4-45d9-b20f-5e3fef51b2b6/element/2/click {"id":"2","sessionId":"2f79f71d-31e4-45d9-b20f-5e3fef51b2b6"}
[debug] [MJSONWP] Calling AppiumDriver.click() with args: ["2","2f79f71d-31e4-45d9-b20f-5e3fef51b2b6"]
[debug] [AndroidBootstrap] Sending command to android: {"cmd":"action","action":"element:click","params":{"elementId":"2"}}
[debug] [AndroidBootstrap] [BOOTSTRAP LOG] [debug] Got data from client: {"cmd":"action","action":"element:click","params":{"elementId":"2"}}
[debug] [AndroidBootstrap] [BOOTSTRAP LOG] [debug] Got command of type ACTION
[debug] [AndroidBootstrap] [BOOTSTRAP LOG] [debug] Got command action: click
[debug] [AndroidBootstrap] Received command result from bootstrap
[debug] [MJSONWP] Responding to client with driver.click() result: true
[HTTP] <-- POST /wd/hub/session/2f79f71d-31e4-45d9-b20f-5e3fef51b2b6/element/2/click 200 139 ms - 76 
[debug] [AndroidBootstrap] [BOOTSTRAP LOG] [debug] Returning result: {"status":0,"value":true}
[HTTP] --> POST /wd/hub/session/2f79f71d-31e4-45d9-b20f-5e3fef51b2b6/element {"using":"id","value":"com.android.packageinstaller:id/permission_allow_button","sessionId":"2f79f71d-31e4-45d9-b20f-5e3fef51b2b6"}
[debug] [MJSONWP] Calling AppiumDriver.findElement() with args: ["id","com.android.packageinstaller:id/permission_allow_button","2f79f71d-31e4-45d9-b20f-5e3fef51b2b6"]
[debug] [BaseDriver] Valid locator strategies for this request: xpath, id, class name, accessibility id, -android uiautomator
[debug] [BaseDriver] Valid locator strategies for this request: xpath, id, class name, accessibility id, -android uiautomator
[debug] [BaseDriver] Waiting up to 10000 ms for condition
[debug] [AndroidBootstrap] Sending command to android: {"cmd":"action","action":"find","params":{"strategy":"id","selector":"com.android.packageinstaller:id/permission_allow_button","context":"","multiple":false}}
[debug] [AndroidBootstrap] [BOOTSTRAP LOG] [debug] Got data from client: {"cmd":"action","action":"find","params":{"strategy":"id","selector":"com.android.packageinstaller:id/permission_allow_button","context":"","multiple":false}}
[debug] [AndroidBootstrap] [BOOTSTRAP LOG] [debug] Got command of type ACTION
[debug] [AndroidBootstrap] [BOOTSTRAP LOG] [debug] Got command action: find
[debug] [AndroidBootstrap] [BOOTSTRAP LOG] [debug] Finding 'com.android.packageinstaller:id/permission_allow_button' using 'ID' with the contextId: '' multiple: false
[debug] [AndroidBootstrap] [BOOTSTRAP LOG] [debug] Using: UiSelector[INSTANCE=0, RESOURCE_ID=com.android.packageinstaller:id/permission_allow_button]
[debug] [AndroidBootstrap] [BOOTSTRAP LOG] [debug] Returning result: {"status":0,"value":{"ELEMENT":"3"}}
[debug] [AndroidBootstrap] Received command result from bootstrap
[debug] [MJSONWP] Responding to client with driver.findElement() result: {"ELEMENT":"3"}
[HTTP] <-- POST /wd/hub/session/2f79f71d-31e4-45d9-b20f-5e3fef51b2b6/element 200 500 ms - 87 
[HTTP] --> POST /wd/hub/session/2f79f71d-31e4-45d9-b20f-5e3fef51b2b6/element/3/click {"id":"3","sessionId":"2f79f71d-31e4-45d9-b20f-5e3fef51b2b6"}
[debug] [MJSONWP] Calling AppiumDriver.click() with args: ["3","2f79f71d-31e4-45d9-b20f-5e3fef51b2b6"]
[debug] [AndroidBootstrap] Sending command to android: {"cmd":"action","action":"element:click","params":{"elementId":"3"}}
[debug] [AndroidBootstrap] [BOOTSTRAP LOG] [debug] Got data from client: {"cmd":"action","action":"element:click","params":{"elementId":"3"}}
[debug] [AndroidBootstrap] [BOOTSTRAP LOG] [debug] Got command of type ACTION
[debug] [AndroidBootstrap] [BOOTSTRAP LOG] [debug] Got command action: click
[debug] [AndroidBootstrap] [BOOTSTRAP LOG] [debug] Returning result: {"status":0,"value":true}
[debug] [AndroidBootstrap] Received command result from bootstrap
[debug] [MJSONWP] Responding to client with driver.click() result: true
[HTTP] <-- POST /wd/hub/session/2f79f71d-31e4-45d9-b20f-5e3fef51b2b6/element/3/click 200 153 ms - 76 
[HTTP] --> POST /wd/hub/session/2f79f71d-31e4-45d9-b20f-5e3fef51b2b6/element {"using":"id","value":"com.android.packageinstaller:id/permission_allow_button","sessionId":"2f79f71d-31e4-45d9-b20f-5e3fef51b2b6"}
[debug] [MJSONWP] Calling AppiumDriver.findElement() with args: ["id","com.android.packageinstaller:id/permission_allow_button","2f79f71d-31e4-45d9-b20f-5e3fef51b2b6"]
[debug] [BaseDriver] Valid locator strategies for this request: xpath, id, class name, accessibility id, -android uiautomator
[debug] [BaseDriver] Valid locator strategies for this request: xpath, id, class name, accessibility id, -android uiautomator
[debug] [BaseDriver] Waiting up to 10000 ms for condition
[debug] [AndroidBootstrap] Sending command to android: {"cmd":"action","action":"find","params":{"strategy":"id","selector":"com.android.packageinstaller:id/permission_allow_button","context":"","multiple":false}}
[debug] [AndroidBootstrap] [BOOTSTRAP LOG] [debug] Got data from client: {"cmd":"action","action":"find","params":{"strategy":"id","selector":"com.android.packageinstaller:id/permission_allow_button","context":"","multiple":false}}
[debug] [AndroidBootstrap] [BOOTSTRAP LOG] [debug] Got command of type ACTION
[debug] [AndroidBootstrap] [BOOTSTRAP LOG] [debug] Got command action: find
[debug] [AndroidBootstrap] [BOOTSTRAP LOG] [debug] Finding 'com.android.packageinstaller:id/permission_allow_button' using 'ID' with the contextId: '' multiple: false
[debug] [AndroidBootstrap] [BOOTSTRAP LOG] [debug] Using: UiSelector[INSTANCE=0, RESOURCE_ID=com.android.packageinstaller:id/permission_allow_button]
[debug] [AndroidBootstrap] Received command result from bootstrap
[debug] [MJSONWP] Responding to client with driver.findElement() result: {"ELEMENT":"4"}
[HTTP] <-- POST /wd/hub/session/2f79f71d-31e4-45d9-b20f-5e3fef51b2b6/element 200 486 ms - 87 
[debug] [AndroidBootstrap] [BOOTSTRAP LOG] [debug] Returning result: {"status":0,"value":{"ELEMENT":"4"}}
[HTTP] --> POST /wd/hub/session/2f79f71d-31e4-45d9-b20f-5e3fef51b2b6/element/4/click {"id":"4","sessionId":"2f79f71d-31e4-45d9-b20f-5e3fef51b2b6"}
[debug] [MJSONWP] Calling AppiumDriver.click() with args: ["4","2f79f71d-31e4-45d9-b20f-5e3fef51b2b6"]
[debug] [AndroidBootstrap] Sending command to android: {"cmd":"action","action":"element:click","params":{"elementId":"4"}}
[debug] [AndroidBootstrap] [BOOTSTRAP LOG] [debug] Got data from client: {"cmd":"action","action":"element:click","params":{"elementId":"4"}}
[debug] [AndroidBootstrap] [BOOTSTRAP LOG] [debug] Got command of type ACTION
[debug] [AndroidBootstrap] [BOOTSTRAP LOG] [debug] Got command action: click
[debug] [AndroidBootstrap] Received command result from bootstrap
[debug] [MJSONWP] Responding to client with driver.click() result: true
[HTTP] <-- POST /wd/hub/session/2f79f71d-31e4-45d9-b20f-5e3fef51b2b6/element/4/click 200 1582 ms - 76 
[debug] [AndroidBootstrap] [BOOTSTRAP LOG] [debug] Returning result: {"status":0,"value":true}
[HTTP] --> POST /wd/hub/session/2f79f71d-31e4-45d9-b20f-5e3fef51b2b6/element {"using":"id","value":"com.tude.android:id/btn_cart","sessionId":"2f79f71d-31e4-45d9-b20f-5e3fef51b2b6"}
[debug] [MJSONWP] Calling AppiumDriver.findElement() with args: ["id","com.tude.android:id/btn_cart","2f79f71d-31e4-45d9-b20f-5e3fef51b2b6"]
[debug] [BaseDriver] Valid locator strategies for this request: xpath, id, class name, accessibility id, -android uiautomator
[debug] [BaseDriver] Valid locator strategies for this request: xpath, id, class name, accessibility id, -android uiautomator
[debug] [BaseDriver] Waiting up to 10000 ms for condition
[debug] [AndroidBootstrap] Sending command to android: {"cmd":"action","action":"find","params":{"strategy":"id","selector":"com.tude.android:id/btn_cart","context":"","multiple":false}}
[debug] [AndroidBootstrap] [BOOTSTRAP LOG] [debug] Got data from client: {"cmd":"action","action":"find","params":{"strategy":"id","selector":"com.tude.android:id/btn_cart","context":"","multiple":false}}
[debug] [AndroidBootstrap] [BOOTSTRAP LOG] [debug] Got command of type ACTION
[debug] [AndroidBootstrap] [BOOTSTRAP LOG] [debug] Got command action: find
[debug] [AndroidBootstrap] [BOOTSTRAP LOG] [debug] Finding 'com.tude.android:id/btn_cart' using 'ID' with the contextId: '' multiple: false
[debug] [AndroidBootstrap] [BOOTSTRAP LOG] [debug] Using: UiSelector[INSTANCE=0, RESOURCE_ID=com.tude.android:id/btn_cart]
[debug] [AndroidBootstrap] [BOOTSTRAP LOG] [debug] Returning result: {"status":0,"value":{"ELEMENT":"5"}}
[debug] [AndroidBootstrap] Received command result from bootstrap
[debug] [MJSONWP] Responding to client with driver.findElement() result: {"ELEMENT":"5"}
[HTTP] <-- POST /wd/hub/session/2f79f71d-31e4-45d9-b20f-5e3fef51b2b6/element 200 163 ms - 87 
[HTTP] --> POST /wd/hub/session/2f79f71d-31e4-45d9-b20f-5e3fef51b2b6/element/5/click {"id":"5","sessionId":"2f79f71d-31e4-45d9-b20f-5e3fef51b2b6"}
[debug] [MJSONWP] Calling AppiumDriver.click() with args: ["5","2f79f71d-31e4-45d9-b20f-5e3fef51b2b6"]
[debug] [AndroidBootstrap] Sending command to android: {"cmd":"action","action":"element:click","params":{"elementId":"5"}}
[debug] [AndroidBootstrap] [BOOTSTRAP LOG] [debug] Got data from client: {"cmd":"action","action":"element:click","params":{"elementId":"5"}}
[debug] [AndroidBootstrap] [BOOTSTRAP LOG] [debug] Got command of type ACTION
[debug] [AndroidBootstrap] [BOOTSTRAP LOG] [debug] Got command action: click
[debug] [AndroidBootstrap] Received command result from bootstrap
[debug] [MJSONWP] Responding to client with driver.click() result: true
[HTTP] <-- POST /wd/hub/session/2f79f71d-31e4-45d9-b20f-5e3fef51b2b6/element/5/click 200 629 ms - 76 
[debug] [AndroidBootstrap] [BOOTSTRAP LOG] [debug] Returning result: {"status":0,"value":true}
[HTTP] --> POST /wd/hub/session/2f79f71d-31e4-45d9-b20f-5e3fef51b2b6/element {"using":"-android uiautomator","value":"text(\"账号密码登录\")","sessionId":"2f79f71d-31e4-45d9-b20f-5e3fef51b2b6"}
[debug] [MJSONWP] Calling AppiumDriver.findElement() with args: ["-android uiautomator","text(\"账号密码登录\")","2f79f71d-31e4-45d9-b20f-5e3fef51b2b6"]
[debug] [BaseDriver] Valid locator strategies for this request: xpath, id, class name, accessibility id, -android uiautomator
[debug] [BaseDriver] Valid locator strategies for this request: xpath, id, class name, accessibility id, -android uiautomator
[debug] [BaseDriver] Waiting up to 10000 ms for condition
[debug] [AndroidBootstrap] Sending command to android: {"cmd":"action","action":"find","params":{"strategy":"-android uiautomator","selector":"text(\"账号密码登录\")","context":"","multiple":false}}
[debug] [AndroidBootstrap] [BOOTSTRAP LOG] [debug] Got data from client: {"cmd":"action","action":"find","params":{"strategy":"-android uiautomator","selector":"text(\"账号密码登录\")","context":"","multiple":false}}
[debug] [AndroidBootstrap] [BOOTSTRAP LOG] [debug] Got command of type ACTION
[debug] [AndroidBootstrap] [BOOTSTRAP LOG] [debug] Got command action: find
[debug] [AndroidBootstrap] [BOOTSTRAP LOG] [debug] Finding 'text("账号密码登录")' using 'ANDROID_UIAUTOMATOR' with the contextId: '' multiple: false
[debug] [AndroidBootstrap] [UIAUTO STDOUT] [APPIUM-UIAUTO] [de
[debug] [AndroidBootstrap] [UIAUTO STDOUT] bug] Parsing selector: text("账号密码登录")[/APPIUM-UIAUTO]
[debug] [AndroidBootstrap] [BOOTSTRAP LOG] [debug] UiSelector coerce type: class java.lang.String arg: "账号密码登录"
[debug] [AndroidBootstrap] [BOOTSTRAP LOG] [debug] Using: UiSelector[TEXT=账号密码登录]
[debug] [AndroidBootstrap] [BOOTSTRAP LOG] [debug] Returning result: {"status":0,"value":{"ELEMENT":"6"}}
[debug] [AndroidBootstrap] Received command result from bootstrap
[debug] [MJSONWP] Responding to client with driver.findElement() result: {"ELEMENT":"6"}
[HTTP] <-- POST /wd/hub/session/2f79f71d-31e4-45d9-b20f-5e3fef51b2b6/element 200 32 ms - 87 
[HTTP] --> POST /wd/hub/session/2f79f71d-31e4-45d9-b20f-5e3fef51b2b6/element {"using":"id","value":"com.tude.android:id/tv_account","sessionId":"2f79f71d-31e4-45d9-b20f-5e3fef51b2b6"}
[debug] [MJSONWP] Calling AppiumDriver.findElement() with args: ["id","com.tude.android:id/tv_account","2f79f71d-31e4-45d9-b20f-5e3fef51b2b6"]
[debug] [BaseDriver] Valid locator strategies for this request: xpath, id, class name, accessibility id, -android uiautomator
[debug] [BaseDriver] Valid locator strategies for this request: xpath, id, class name, accessibility id, -android uiautomator
[debug] [BaseDriver] Waiting up to 10000 ms for condition
[debug] [AndroidBootstrap] Sending command to android: {"cmd":"action","action":"find","params":{"strategy":"id","selector":"com.tude.android:id/tv_account","context":"","multiple":false}}
[debug] [AndroidBootstrap] [BOOTSTRAP LOG] [debug] Got data from client: {"cmd":"action","action":"find","params":{"strategy":"id","selector":"com.tude.android:id/tv_account","context":"","multiple":false}}
[debug] [AndroidBootstrap] [BOOTSTRAP LOG] [debug] Got command of type ACTION
[debug] [AndroidBootstrap] [BOOTSTRAP LOG] [debug] Got command action: find
[debug] [AndroidBootstrap] [BOOTSTRAP LOG] [debug] Finding 'com.tude.android:id/tv_account' using 'ID' with the contextId: '' multiple: false
[debug] [AndroidBootstrap] [BOOTSTRAP LOG] [debug] Using: UiSelector[INSTANCE=0, RESOURCE_ID=com.tude.android:id/tv_account]
[debug] [AndroidBootstrap] [BOOTSTRAP LOG] [debug] Returning result: {"status":0,"value":{"ELEMENT":"7"}}
[debug] [AndroidBootstrap] Received command result from bootstrap
[debug] [MJSONWP] Responding to client with driver.findElement() result: {"ELEMENT":"7"}
[HTTP] <-- POST /wd/hub/session/2f79f71d-31e4-45d9-b20f-5e3fef51b2b6/element 200 431 ms - 87 
[HTTP] --> POST /wd/hub/session/2f79f71d-31e4-45d9-b20f-5e3fef51b2b6/element/7/click {"id":"7","sessionId":"2f79f71d-31e4-45d9-b20f-5e3fef51b2b6"}
[debug] [MJSONWP] Calling AppiumDriver.click() with args: ["7","2f79f71d-31e4-45d9-b20f-5e3fef51b2b6"]
[debug] [AndroidBootstrap] Sending command to android: {"cmd":"action","action":"element:click","params":{"elementId":"7"}}
[debug] [AndroidBootstrap] [BOOTSTRAP LOG] [debug] Got data from client: {"cmd":"action","action":"element:click","params":{"elementId":"7"}}
[debug] [AndroidBootstrap] [BOOTSTRAP LOG] [debug] Got command of type ACTION
[debug] [AndroidBootstrap] [BOOTSTRAP LOG] [debug] Got command action: click
[debug] [AndroidBootstrap] [BOOTSTRAP LOG] [debug] Returning result: {"status":0,"value":true}
[debug] [AndroidBootstrap] Received command result from bootstrap
[debug] [MJSONWP] Responding to client with driver.click() result: true
[HTTP] <-- POST /wd/hub/session/2f79f71d-31e4-45d9-b20f-5e3fef51b2b6/element/7/click 200 3184 ms - 76 
[HTTP] --> POST /wd/hub/session/2f79f71d-31e4-45d9-b20f-5e3fef51b2b6/element {"using":"id","value":"com.tude.android:id/et_account","sessionId":"2f79f71d-31e4-45d9-b20f-5e3fef51b2b6"}
[debug] [MJSONWP] Calling AppiumDriver.findElement() with args: ["id","com.tude.android:id/et_account","2f79f71d-31e4-45d9-b20f-5e3fef51b2b6"]
[debug] [BaseDriver] Valid locator strategies for this request: xpath, id, class name, accessibility id, -android uiautomator
[debug] [BaseDriver] Valid locator strategies for this request: xpath, id, class name, accessibility id, -android uiautomator
[debug] [BaseDriver] Waiting up to 10000 ms for condition
[debug] [AndroidBootstrap] Sending command to android: {"cmd":"action","action":"find","params":{"strategy":"id","selector":"com.tude.android:id/et_account","context":"","multiple":false}}
[debug] [AndroidBootstrap] [BOOTSTRAP LOG] [debug] Got data from client: {"cmd":"action","action":"find","params":{"strategy":"id","selector":"com.tude.android:id/et_account","context":"","multiple":false}}
[debug] [AndroidBootstrap] [BOOTSTRAP LOG] [debug] Got command of type ACTION
[debug] [AndroidBootstrap] [BOOTSTRAP LOG] [debug] Got command action: find
[debug] [AndroidBootstrap] [BOOTSTRAP LOG] [debug] Finding 'com.tude.android:id/et_account' using 'ID' with the contextId: '' multiple: false
[debug] [AndroidBootstrap] [BOOTSTRAP LOG] [debug] Using: UiSelector[INSTANCE=0, RESOURCE_ID=com.tude.android:id/et_account]
[debug] [AndroidBootstrap] Received command result from bootstrap
[debug] [MJSONWP] Responding to client with driver.findElement() result: {"ELEMENT":"8"}
[HTTP] <-- POST /wd/hub/session/2f79f71d-31e4-45d9-b20f-5e3fef51b2b6/element 200 24 ms - 87 
[debug] [AndroidBootstrap] [BOOTSTRAP LOG] [debug] Returning result: {"status":0,"value":{"ELEMENT":"8"}}
[HTTP] --> POST /wd/hub/session/2f79f71d-31e4-45d9-b20f-5e3fef51b2b6/element/8/value {"text":"18521035133","value":["1","8","5","2","1","0","3","5","1","3","3"],"id":"8","sessionId":"2f79f71d-31e4-45d9-b20f-5e3fef51b2b6"}
[debug] [MJSONWP] Calling AppiumDriver.setValue() with args: [["1","8","5","2","1","0","3","5","1","3","3"],"8","2f79f71d-31e4-45d9-b20f-5e3fef51b2b6"]
[debug] [AndroidBootstrap] Sending command to android: {"cmd":"action","action":"element:setText","params":{"elementId":"8","text":"18521035133","replace":false,"unicodeKeyboard":true}}
[debug] [AndroidBootstrap] [BOOTSTRAP LOG] [debug] Got data from client: {"cmd":"action","action":"element:setText","params":{"elementId":"8","text":"18521035133","replace":false,"unicodeKeyboard":true}}
[debug] [AndroidBootstrap] [BOOTSTRAP LOG] [debug] Got command of type ACTION
[debug] [AndroidBootstrap] [BOOTSTRAP LOG] [debug] Got command action: setText
[debug] [AndroidBootstrap] [BOOTSTRAP LOG] [debug] Using element passed in: 8
[debug] [AndroidBootstrap] [BOOTSTRAP LOG] [debug] Attempting to clear using UiObject.clearText().
[debug] [AndroidBootstrap] [BOOTSTRAP LOG] [debug] Text remains after clearing, but it appears to be hint text.
[debug] [AndroidBootstrap] [BOOTSTRAP LOG] [debug] Text not cleared. Assuming remainder is hint text.
[debug] [AndroidBootstrap] [BOOTSTRAP LOG] [debug] Sending plain text to element: 18521035133
[debug] [AndroidBootstrap] Received command result from bootstrap
[debug] [MJSONWP] Responding to client with driver.setValue() result: true
[HTTP] <-- POST /wd/hub/session/2f79f71d-31e4-45d9-b20f-5e3fef51b2b6/element/8/value 200 5561 ms - 76 
[HTTP] --> POST /wd/hub/session/2f79f71d-31e4-45d9-b20f-5e3fef51b2b6/element {"using":"id","value":"com.tude.android:id/et_password","sessionId":"2f79f71d-31e4-45d9-b20f-5e3fef51b2b6"}
[debug] [MJSONWP] Calling AppiumDriver.findElement() with args: ["id","com.tude.android:id/et_password","2f79f71d-31e4-45d9-b20f-5e3fef51b2b6"]
[debug] [BaseDriver] Valid locator strategies for this request: xpath, id, class name, accessibility id, -android uiautomator
[debug] [BaseDriver] Valid locator strategies for this request: xpath, id, class name, accessibility id, -android uiautomator
[debug] [BaseDriver] Waiting up to 10000 ms for condition
[debug] [AndroidBootstrap] Sending command to android: {"cmd":"action","action":"find","params":{"strategy":"id","selector":"com.tude.android:id/et_password","context":"","multiple":false}}
[debug] [AndroidBootstrap] [BOOTSTRAP LOG] [debug] Returning result: {"status":0,"value":true}
[debug] [AndroidBootstrap] [BOOTSTRAP LOG] [debug] Got data from client: {"cmd":"action","action":"find","params":{"strategy":"id","selector":"com.tude.android:id/et_password","context":"","multiple":false}}
[debug] [AndroidBootstrap] [BOOTSTRAP LOG] [debug] Got command of type ACTION
[debug] [AndroidBootstrap] [BOOTSTRAP LOG] [debug] Got command action: find
[debug] [AndroidBootstrap] [BOOTSTRAP LOG] [debug] Finding 'com.tude.android:id/et_password' using 'ID' with the contextId: '' multiple: false
[debug] [AndroidBootstrap] [BOOTSTRAP LOG] [debug] Using: UiSelector[INSTANCE=0, RESOURCE_ID=com.tude.android:id/et_password]
[debug] [AndroidBootstrap] Received command result from bootstrap
[debug] [MJSONWP] Responding to client with driver.findElement() result: {"ELEMENT":"9"}
[HTTP] <-- POST /wd/hub/session/2f79f71d-31e4-45d9-b20f-5e3fef51b2b6/element 200 512 ms - 87 
[debug] [AndroidBootstrap] [BOOTSTRAP LOG] [debug] Returning result: {"status":0,"value":{"ELEMENT":"9"}}
[HTTP] --> POST /wd/hub/session/2f79f71d-31e4-45d9-b20f-5e3fef51b2b6/element/9/value {"text":"qqqqqq","value":["q","q","q","q","q","q"],"id":"9","sessionId":"2f79f71d-31e4-45d9-b20f-5e3fef51b2b6"}
[debug] [MJSONWP] Calling AppiumDriver.setValue() with args: [["q","q","q","q","q","q"],"9","2f79f71d-31e4-45d9-b20f-5e3fef51b2b6"]
[debug] [AndroidBootstrap] Sending command to android: {"cmd":"action","action":"element:setText","params":{"elementId":"9","text":"qqqqqq","replace":false,"unicodeKeyboard":true}}
[debug] [AndroidBootstrap] [BOOTSTRAP LOG] [debug] Got data from client: {"cmd":"action","action":"element:setText","params":{"elementId":"9","text":"qqqqqq","replace":false,"unicodeKeyboard":true}}
[debug] [AndroidBootstrap] [BOOTSTRAP LOG] [debug] Got command of type ACTION
[debug] [AndroidBootstrap] [BOOTSTRAP LOG] [debug] Got command action: setText
[debug] [AndroidBootstrap] [BOOTSTRAP LOG] [debug] Using element passed in: 9
[debug] [AndroidBootstrap] [BOOTSTRAP LOG] [debug] Attempting to clear using UiObject.clearText().
[debug] [AndroidBootstrap] [BOOTSTRAP LOG] [debug] Sending plain text to element: qqqqqq
[debug] [AndroidBootstrap] [BOOTSTRAP LOG] [debug] Returning result: {"status":0,"value":true}
[debug] [AndroidBootstrap] Received command result from bootstrap
[debug] [MJSONWP] Responding to client with driver.setValue() result: true
[HTTP] <-- POST /wd/hub/session/2f79f71d-31e4-45d9-b20f-5e3fef51b2b6/element/9/value 200 5180 ms - 76 
[HTTP] --> POST /wd/hub/session/2f79f71d-31e4-45d9-b20f-5e3fef51b2b6/element {"using":"id","value":"com.tude.android:id/btn_login","sessionId":"2f79f71d-31e4-45d9-b20f-5e3fef51b2b6"}
[debug] [MJSONWP] Calling AppiumDriver.findElement() with args: ["id","com.tude.android:id/btn_login","2f79f71d-31e4-45d9-b20f-5e3fef51b2b6"]
[debug] [BaseDriver] Valid locator strategies for this request: xpath, id, class name, accessibility id, -android uiautomator
[debug] [BaseDriver] Valid locator strategies for this request: xpath, id, class name, accessibility id, -android uiautomator
[debug] [BaseDriver] Waiting up to 10000 ms for condition
[debug] [AndroidBootstrap] Sending command to android: {"cmd":"action","action":"find","params":{"strategy":"id","selector":"com.tude.android:id/btn_login","context":"","multiple":false}}
[debug] [AndroidBootstrap] [BOOTSTRAP LOG] [debug] Got data from client: {"cmd":"action","action":"find","params":{"strategy":"id","selector":"com.tude.android:id/btn_login","context":"","multiple":false}}
[debug] [AndroidBootstrap] [BOOTSTRAP LOG] [debug] Got command of type ACTION
[debug] [AndroidBootstrap] [BOOTSTRAP LOG] [debug] Got command action: find
[debug] [AndroidBootstrap] [BOOTSTRAP LOG] [debug] Finding 'com.tude.android:id/btn_login' using 'ID' with the contextId: '' multiple: false
[debug] [AndroidBootstrap] [BOOTSTRAP LOG] [debug] Using: UiSelector[INSTANCE=0, RESOURCE_ID=com.tude.android:id/btn_login]
[debug] [AndroidBootstrap] Received command result from bootstrap
[debug] [MJSONWP] Responding to client with driver.findElement() result: {"ELEMENT":"10"}
[HTTP] <-- POST /wd/hub/session/2f79f71d-31e4-45d9-b20f-5e3fef51b2b6/element 200 549 ms - 88 
[debug] [AndroidBootstrap] [BOOTSTRAP LOG] [debug] Returning result: {"status":0,"value":{"ELEMENT":"10"}}
[HTTP] --> POST /wd/hub/session/2f79f71d-31e4-45d9-b20f-5e3fef51b2b6/element/10/click {"id":"10","sessionId":"2f79f71d-31e4-45d9-b20f-5e3fef51b2b6"}
[debug] [MJSONWP] Calling AppiumDriver.click() with args: ["10","2f79f71d-31e4-45d9-b20f-5e3fef51b2b6"]
[debug] [AndroidBootstrap] Sending command to android: {"cmd":"action","action":"element:click","params":{"elementId":"10"}}
[debug] [AndroidBootstrap] [BOOTSTRAP LOG] [debug] Got data from client: {"cmd":"action","action":"element:click","params":{"elementId":"10"}}
[debug] [AndroidBootstrap] [BOOTSTRAP LOG] [debug] Got command of type ACTION
[debug] [AndroidBootstrap] [BOOTSTRAP LOG] [debug] Got command action: click
[debug] [AndroidBootstrap] [BOOTSTRAP LOG] [debug] Returning result: {"status":0,"value":true}
[debug] [AndroidBootstrap] Received command result from bootstrap
[debug] [MJSONWP] Responding to client with driver.click() result: true
[HTTP] <-- POST /wd/hub/session/2f79f71d-31e4-45d9-b20f-5e3fef51b2b6/element/10/click 200 3205 ms - 76 
[HTTP] --> GET /wd/hub/session/2f79f71d-31e4-45d9-b20f-5e3fef51b2b6/appium/device/current_activity {}
[debug] [MJSONWP] Calling AppiumDriver.getCurrentActivity() with args: ["2f79f71d-31e4-45d9-b20f-5e3fef51b2b6"]
[debug] [ADB] Getting focused package and activity
[debug] [ADB] Getting connected devices...
[debug] [ADB] 1 device(s) connected
[debug] [ADB] Running 'D:\Android\AndroidSDK\platform-tools\adb.exe' with args: ["-P",5037,"-s","LE67A06310143950","shell","dumpsys","window","windows"]
[debug] [MJSONWP] Responding to client with driver.getCurrentActivity() result: ".login.LoginActivity"
[HTTP] <-- GET /wd/hub/session/2f79f71d-31e4-45d9-b20f-5e3fef51b2b6/appium/device/current_activity 200 172 ms - 94 
[HTTP] --> GET /wd/hub/session/2f79f71d-31e4-45d9-b20f-5e3fef51b2b6/appium/device/current_activity {}
[debug] [MJSONWP] Calling AppiumDriver.getCurrentActivity() with args: ["2f79f71d-31e4-45d9-b20f-5e3fef51b2b6"]
[debug] [ADB] Getting focused package and activity
[debug] [ADB] Getting connected devices...
[debug] [ADB] 1 device(s) connected
[debug] [ADB] Running 'D:\Android\AndroidSDK\platform-tools\adb.exe' with args: ["-P",5037,"-s","LE67A06310143950","shell","dumpsys","window","windows"]
[debug] [MJSONWP] Responding to client with driver.getCurrentActivity() result: ".login.LoginActivity"
[HTTP] <-- GET /wd/hub/session/2f79f71d-31e4-45d9-b20f-5e3fef51b2b6/appium/device/current_activity 200 160 ms - 94 
[HTTP] --> DELETE /wd/hub/session/2f79f71d-31e4-45d9-b20f-5e3fef51b2b6 {}
[debug] [MJSONWP] Calling AppiumDriver.deleteSession() with args: ["2f79f71d-31e4-45d9-b20f-5e3fef51b2b6"]
[debug] [BaseDriver] Event 'quitSessionRequested' logged at 1526981621587 (17:33:41 GMT+0800 (中国标准时间))
[Appium] Removing session 2f79f71d-31e4-45d9-b20f-5e3fef51b2b6 from our master session list
[debug] [AndroidDriver] Shutting down Android driver
[debug] [AndroidDriver] Resetting IME to com.sohu.inputmethod.sogou.leshi/.SogouIME
[debug] [ADB] Getting connected devices...
[debug] [ADB] 1 device(s) connected
[debug] [ADB] Running 'D:\Android\AndroidSDK\platform-tools\adb.exe' with args: ["-P",5037,"-s","LE67A06310143950","shell","ime","set","com.sohu.inputmethod.sogou.leshi/.SogouIME"]
[debug] [ADB] Getting connected devices...
[debug] [ADB] 1 device(s) connected
[debug] [ADB] Running 'D:\Android\AndroidSDK\platform-tools\adb.exe' with args: ["-P",5037,"-s","LE67A06310143950","shell","am","force-stop","com.tude.android"]
[debug] [ADB] Pressing the HOME button
[debug] [ADB] Getting connected devices...
[debug] [ADB] 1 device(s) connected
[debug] [ADB] Running 'D:\Android\AndroidSDK\platform-tools\adb.exe' with args: ["-P",5037,"-s","LE67A06310143950","shell","input","keyevent",3]
[debug] [AndroidBootstrap] Sending command to android: {"cmd":"shutdown"}
[debug] [AndroidBootstrap] Received command result from bootstrap
[debug] [UiAutomator] Shutting down UiAutomator
[debug] [UiAutomator] Moving to state 'stopping'
[debug] [UiAutomator] UiAutomator shut down normally
[debug] [UiAutomator] Moving to state 'stopped'
[debug] [ADB] Attempting to kill all uiautomator processes
[debug] [ADB] Getting all processes with uiautomator
[debug] [ADB] Getting connected devices...
[debug] [ADB] 1 device(s) connected
[debug] [ADB] Running 'D:\Android\AndroidSDK\platform-tools\adb.exe' with args: ["-P",5037,"-s","LE67A06310143950","shell","ps"]
[ADB] No uiautomator process found to kill, continuing...
[debug] [UiAutomator] Moving to state 'stopped'
[debug] [Logcat] Stopping logcat capture
[debug] [ADB] Getting connected devices...
[debug] [ADB] 1 device(s) connected
[debug] [ADB] Running 'D:\Android\AndroidSDK\platform-tools\adb.exe' with args: ["-P",5037,"-s","LE67A06310143950","shell","am","force-stop","io.appium.unlock"]
[debug] [AndroidDriver] Not cleaning generated files. Add `clearSystemFiles` capability if wanted.
[debug] [BaseDriver] Event 'quitSessionFinished' logged at 1526981625214 (17:33:45 GMT+0800 (中国标准时间))
[debug] [MJSONWP] Received response: null
[debug] [MJSONWP] But deleting session, so not returning
[debug] [MJSONWP] Responding to client with driver.deleteSession() result: null
[HTTP] <-- DELETE /wd/hub/session/2f79f71d-31e4-45d9-b20f-5e3fef51b2b6 200 3628 ms - 76 
