[Appium] Welcome to Appium v1.7.2
[Appium] Non-default server args:
[Appium]   address: 127.0.0.1
[Appium]   bootstrapPort: 9515
[Appium]   sessionOverride: true
[Appium]   udid: b272eea9
[Appium] Deprecated server args:
[Appium]   -U,--udid => --default-capabilities '{"udid":"b272eea9"}'
[Appium] Default capabilities, which will be added to each request unless overridden by desired capabilities:
[Appium]   udid: b272eea9
[Appium] Appium REST http interface listener started on 127.0.0.1:4723
[HTTP] --> GET /wd/hub/status {}
[debug] [MJSONWP] Calling AppiumDriver.getStatus() with args: []
[debug] [MJSONWP] Responding to client with driver.getStatus() result: {"build":{"version":"1.7.2","revision":null}}
[HTTP] <-- GET /wd/hub/status 200 66 ms - 72 
[HTTP] --> POST /wd/hub/session {"capabilities":{"firstMatch":[{}],"alwaysMatch":{"platformName":"android"}},"desiredCapabilities":{"appPackage":"com.tude.android","appActivity":".base.SplashActivity","udid":"b272eea9","recreateChromeDriverSessions":"True","platformName":"android","deviceName":"b272eea9","noReset":"False","noSign":"True","unicodeKeyboard":"True"}}
[debug] [MJSONWP] Calling AppiumDriver.createSession() with args: [{"appPackage":"com.tude.android","appActivity":".base.SplashActivity","udid":"b272eea9","recreateChromeDriverSessions":"True","platformName":"android","deviceName":"b272eea9","noReset":"False","noSign":"True","unicodeKeyboard":"True"},null,{"firstMatch":[{}],"alwaysMatch":{"platformName":"android"}}]
[debug] [BaseDriver] Event 'newSessionRequested' logged at 1523504980322 (11:49:40 GMT+0800 (中国标准时间))
[Appium] Merged W3C capabilities {"firstMatch":[{}],"alwaysMatch":{"platformName... into desiredCapabilities object {"appPackage":"com.tude.android","appActivity":...
[Appium] Creating new AndroidDriver (v1.40.0) session
[Appium] Capabilities:
[Appium]   appPackage: com.tude.android
[Appium]   appActivity: .base.SplashActivity
[Appium]   udid: b272eea9
[Appium]   recreateChromeDriverSessions: True
[Appium]   platformName: android
[Appium]   deviceName: b272eea9
[Appium]   noReset: False
[Appium]   noSign: True
[Appium]   unicodeKeyboard: True
[debug] [BaseDriver] 
[debug] [BaseDriver] W3C capabilities [] and MJSONWP desired capabilities  were provided
[BaseDriver] Expected W3C "capabilities" to be a JSON Object but was provided with: []
[BaseDriver] Falling back to MJSONWP desired capabilities
[BaseDriver] Capability 'noReset' changed from string to boolean. This may cause unexpected behavior
[BaseDriver] Capability 'unicodeKeyboard' changed from string to boolean. This may cause unexpected behavior
[BaseDriver] Capability 'noSign' changed from string to boolean. This may cause unexpected behavior
[BaseDriver] Session created with session id: 51600c55-6dd5-4571-9eb8-913526a1fca9
[debug] [AndroidDriver] Getting Java version
[AndroidDriver] Java version is: 1.8.0_131
[ADB] Checking whether adb is present
[ADB] Found the following 'build-tools' folders (newest first):
[ADB]     D:/Android/AndroidSDK/build-tools/27.0.3/
    D:/Android/AndroidSDK/build-tools/27.0.0/
[ADB] Using adb.exe from D:\Android\AndroidSDK\platform-tools\adb.exe
[AndroidDriver] Retrieving device list
[debug] [ADB] Trying to find a connected android device
[debug] [ADB] Getting connected devices...
[debug] [ADB] 1 device(s) connected
[AndroidDriver] Using device: b272eea9
[ADB] Checking whether adb is present
[debug] [ADB] Setting device id to b272eea9
[AndroidDriver] App file was not listed, instead we're going to run com.tude.android directly on the device
[debug] [AndroidDriver] Checking whether package is present on the device
[debug] [ADB] Getting connected devices...
[debug] [ADB] 1 device(s) connected
[debug] [ADB] Running 'D:\Android\AndroidSDK\platform-tools\adb.exe' with args: ["-P",5037,"-s","b272eea9","shell","pm","list","packages","com.tude.android"]
[AndroidDriver] Starting Android session
[debug] [ADB] Running 'D:\Android\AndroidSDK\platform-tools\adb.exe' with args: ["-P",5037,"-s","b272eea9","wait-for-device"]
[debug] [ADB] Getting connected devices...
[debug] [ADB] 1 device(s) connected
[debug] [ADB] Running 'D:\Android\AndroidSDK\platform-tools\adb.exe' with args: ["-P",5037,"-s","b272eea9","shell","echo","ping"]
[debug] [AndroidDriver] Pushing settings apk to device...
[debug] [ADB] Getting install status for io.appium.settings
[debug] [ADB] Getting connected devices...
[debug] [ADB] 1 device(s) connected
[debug] [ADB] Running 'D:\Android\AndroidSDK\platform-tools\adb.exe' with args: ["-P",5037,"-s","b272eea9","shell","pm","list","packages","io.appium.settings"]
[debug] [ADB] App is not installed
[debug] [ADB] App 'D:\nodejs\new_modules\node_modules\appium\node_modules\_io.appium.settings@2.4.0@io.appium.settings\app\build\outputs\apk\settings_apk-debug.apk' not installed. Installing
[debug] [ADB] Getting connected devices...
[debug] [ADB] 1 device(s) connected
[debug] [ADB] Running 'D:\Android\AndroidSDK\platform-tools\adb.exe' with args: ["-P",5037,"-s","b272eea9","shell","getprop","ro.build.version.sdk"]
[debug] [ADB] Current device property 'ro.build.version.sdk': 25
[debug] [ADB] Device API level: 25
[debug] [ADB] Running 'D:\Android\AndroidSDK\platform-tools\adb.exe' with args: ["-P",5037,"-s","b272eea9","install","-g","D:\\nodejs\\new_modules\\node_modules\\appium\\node_modules\\_io.appium.settings@2.4.0@io.appium.settings\\app\\build\\outputs\\apk\\settings_apk-debug.apk"]
[debug] [ADB] Install command stdout: Success
[debug] [ADB] Getting connected devices...
[debug] [ADB] 1 device(s) connected
[debug] [ADB] Running 'D:\Android\AndroidSDK\platform-tools\adb.exe' with args: ["-P",5037,"-s","b272eea9","shell","ps"]
[debug] [ADB] Device API level: 25
[debug] [ADB] Getting connected devices...
[debug] [ADB] 1 device(s) connected
[debug] [ADB] Running 'D:\Android\AndroidSDK\platform-tools\adb.exe' with args: ["-P",5037,"-s","b272eea9","shell","am","start","-W","-n","io.appium.settings/.Settings","-a","android.intent.action.MAIN","-c","android.intent.category.LAUNCHER","-f","0x10200000"]
[debug] [ADB] Device API level: 25
[debug] [ADB] Getting connected devices...
[debug] [ADB] 1 device(s) connected
[debug] [ADB] Running 'D:\Android\AndroidSDK\platform-tools\adb.exe' with args: ["-P",5037,"-s","b272eea9","shell","appops","set","io.appium.settings","android:mock_location","allow"]
[AndroidDriver] setDeviceLanguageCountry requires language or country.
[AndroidDriver] Got language: 'null' and country: 'null'
[debug] [Logcat] Starting logcat capture
[debug] [AndroidDriver] Enabling Unicode keyboard support
[debug] [AndroidDriver] Pushing unicode ime to device...
[debug] [ADB] Running 'D:\Android\AndroidSDK\platform-tools\adb.exe' with args: ["-P",5037,"-s","b272eea9","install","D:\\nodejs\\new_modules\\node_modules\\appium\\node_modules\\_appium-android-ime@2.0.0@appium-android-ime\\bin\\UnicodeIME-debug.apk"]
[debug] [ADB] Install command stdout: Success
[debug] [ADB] Getting connected devices...
[debug] [ADB] 1 device(s) connected
[debug] [ADB] Running 'D:\Android\AndroidSDK\platform-tools\adb.exe' with args: ["-P",5037,"-s","b272eea9","shell","settings","get","secure","default_input_method"]
[debug] [AndroidDriver] Unsetting previous IME com.iflytek.inputmethod.gionee/.FlyIME
[debug] [AndroidDriver] Setting IME to 'io.appium.android.ime/.UnicodeIME'
[debug] [ADB] Getting connected devices...
[debug] [ADB] 1 device(s) connected
[debug] [ADB] Running 'D:\Android\AndroidSDK\platform-tools\adb.exe' with args: ["-P",5037,"-s","b272eea9","shell","ime","enable","io.appium.android.ime/.UnicodeIME"]
[debug] [ADB] Getting connected devices...
[debug] [ADB] 1 device(s) connected
[debug] [ADB] Running 'D:\Android\AndroidSDK\platform-tools\adb.exe' with args: ["-P",5037,"-s","b272eea9","shell","ime","set","io.appium.android.ime/.UnicodeIME"]
[debug] [AndroidDriver] Pushing unlock helper app to device...
[debug] [ADB] Getting install status for io.appium.unlock
[debug] [ADB] Getting connected devices...
[debug] [ADB] 1 device(s) connected
[debug] [ADB] Running 'D:\Android\AndroidSDK\platform-tools\adb.exe' with args: ["-P",5037,"-s","b272eea9","shell","pm","list","packages","io.appium.unlock"]
[debug] [ADB] App is not installed
[debug] [ADB] App 'D:\nodejs\new_modules\node_modules\appium\node_modules\_appium-unlock@2.0.0@appium-unlock\bin\unlock_apk-debug.apk' not installed. Installing
[debug] [ADB] Device API level: 25
[debug] [ADB] Running 'D:\Android\AndroidSDK\platform-tools\adb.exe' with args: ["-P",5037,"-s","b272eea9","install","-g","D:\\nodejs\\new_modules\\node_modules\\appium\\node_modules\\_appium-unlock@2.0.0@appium-unlock\\bin\\unlock_apk-debug.apk"]
[debug] [ADB] Install command stdout: Success
[ADB] Getting device platform version
[debug] [ADB] Getting connected devices...
[debug] [ADB] 1 device(s) connected
[debug] [ADB] Running 'D:\Android\AndroidSDK\platform-tools\adb.exe' with args: ["-P",5037,"-s","b272eea9","shell","getprop","ro.build.version.release"]
[debug] [ADB] Current device property 'ro.build.version.release': 7.1.1
[debug] [ADB] Getting connected devices...
[debug] [ADB] 1 device(s) connected
[debug] [ADB] Running 'D:\Android\AndroidSDK\platform-tools\adb.exe' with args: ["-P",5037,"-s","b272eea9","shell","wm","size"]
[debug] [ADB] Getting connected devices...
[debug] [ADB] 1 device(s) connected
[debug] [ADB] Running 'D:\Android\AndroidSDK\platform-tools\adb.exe' with args: ["-P",5037,"-s","b272eea9","shell","getprop","ro.product.model"]
[debug] [ADB] Current device property 'ro.product.model': GIONEE GN5006
[debug] [ADB] Getting connected devices...
[debug] [ADB] 1 device(s) connected
[debug] [ADB] Running 'D:\Android\AndroidSDK\platform-tools\adb.exe' with args: ["-P",5037,"-s","b272eea9","shell","getprop","ro.product.manufacturer"]
[debug] [ADB] Current device property 'ro.product.manufacturer': GIONEE
[AndroidDriver] No app sent in, not parsing package/activity
[debug] [AndroidDriver] No app capability. Assuming it is already on the device
[debug] [ADB] Getting install status for com.tude.android
[debug] [ADB] Getting connected devices...
[debug] [ADB] 1 device(s) connected
[debug] [ADB] Running 'D:\Android\AndroidSDK\platform-tools\adb.exe' with args: ["-P",5037,"-s","b272eea9","shell","pm","list","packages","com.tude.android"]
[debug] [ADB] App is installed
[debug] [ADB] Getting connected devices...
[debug] [ADB] 1 device(s) connected
[debug] [ADB] Running 'D:\Android\AndroidSDK\platform-tools\adb.exe' with args: ["-P",5037,"-s","b272eea9","shell","am","force-stop","com.tude.android"]
[debug] [ADB] Getting connected devices...
[debug] [ADB] 1 device(s) connected
[debug] [ADB] Running 'D:\Android\AndroidSDK\platform-tools\adb.exe' with args: ["-P",5037,"-s","b272eea9","shell","pm","clear","com.tude.android"]
[debug] [AndroidDriver] Performed fast reset on the installed 'com.tude.android' application (stop and clear)
[debug] [AndroidBootstrap] Watching for bootstrap disconnect
[debug] [ADB] Forwarding system: 9515 to device: 4724
[debug] [ADB] Running 'D:\Android\AndroidSDK\platform-tools\adb.exe' with args: ["-P",5037,"-s","b272eea9","forward","tcp:9515","tcp:4724"]
[debug] [UiAutomator] Starting UiAutomator
[debug] [UiAutomator] Moving to state 'starting'
[debug] [UiAutomator] Parsing uiautomator jar
[debug] [UiAutomator] Found jar name: 'AppiumBootstrap.jar'
[debug] [ADB] Running 'D:\Android\AndroidSDK\platform-tools\adb.exe' with args: ["-P",5037,"-s","b272eea9","push","D:\\nodejs\\new_modules\\node_modules\\appium\\node_modules\\_appium-android-bootstrap@2.10.0@appium-android-bootstrap\\bootstrap\\bin\\AppiumBootstrap.jar","/data/local/tmp/"]
[debug] [ADB] Attempting to kill all uiautomator processes
[debug] [ADB] Getting all processes with uiautomator
[debug] [ADB] Getting connected devices...
[debug] [ADB] 1 device(s) connected
[debug] [ADB] Running 'D:\Android\AndroidSDK\platform-tools\adb.exe' with args: ["-P",5037,"-s","b272eea9","shell","ps"]
[ADB] No uiautomator process found to kill, continuing...
[debug] [UiAutomator] Starting UIAutomator
[debug] [ADB] Creating ADB subprocess with args: ["-P",5037,"-s","b272eea9","shell","uiautomator","runtest","AppiumBootstrap.jar","-c","io.appium.android.bootstrap.Bootstrap","-e","pkg","com.tude.android","-e","disableAndroidWatchers",false,"-e","acceptSslCerts",false]
[debug] [UiAutomator] Moving to state 'online'
[debug] [AndroidBootstrap] [BOOTSTRAP LOG] [debug] Registered crash watchers.
[AndroidBootstrap] Android bootstrap socket is now connected
[debug] [ADB] Getting connected devices...
[debug] [AndroidBootstrap] [BOOTSTRAP LOG] [debug] Client connected
[debug] [ADB] 1 device(s) connected
[debug] [ADB] Running 'D:\Android\AndroidSDK\platform-tools\adb.exe' with args: ["-P",5037,"-s","b272eea9","shell","dumpsys","window"]
[AndroidDriver] Screen already unlocked, doing nothing
[debug] [ADB] Device API level: 25
[debug] [ADB] Getting connected devices...
[debug] [ADB] 1 device(s) connected
[debug] [ADB] Running 'D:\Android\AndroidSDK\platform-tools\adb.exe' with args: ["-P",5037,"-s","b272eea9","shell","am","start","-W","-n","com.tude.android/.base.SplashActivity","-S","-a","android.intent.action.MAIN","-c","android.intent.category.LAUNCHER","-f","0x10200000"]
[debug] [AndroidDriver] Shutting down Android driver
[debug] [ADB] Getting connected devices...
[debug] [ADB] 1 device(s) connected
[debug] [ADB] Running 'D:\Android\AndroidSDK\platform-tools\adb.exe' with args: ["-P",5037,"-s","b272eea9","shell","am","force-stop","com.tude.android"]
[debug] [ADB] Pressing the HOME button
[debug] [ADB] Getting connected devices...
[debug] [ADB] 1 device(s) connected
[debug] [ADB] Running 'D:\Android\AndroidSDK\platform-tools\adb.exe' with args: ["-P",5037,"-s","b272eea9","shell","input","keyevent",3]
[debug] [AndroidBootstrap] Sending command to android: {"cmd":"shutdown"}
[debug] [AndroidBootstrap] [BOOTSTRAP LOG] [debug] Got data from client: {"cmd":"shutdown"}
[debug] [AndroidBootstrap] Received command result from bootstrap
[debug] [UiAutomator] Shutting down UiAutomator
[debug] [UiAutomator] Moving to state 'stopping'
[debug] [UiAutomator] UiAutomator shut down normally
[debug] [UiAutomator] Moving to state 'stopped'
[debug] [ADB] Attempting to kill all uiautomator processes
[debug] [ADB] Getting all processes with uiautomator
[debug] [ADB] Getting connected devices...
[debug] [ADB] 1 device(s) connected
[debug] [ADB] Running 'D:\Android\AndroidSDK\platform-tools\adb.exe' with args: ["-P",5037,"-s","b272eea9","shell","ps"]
[ADB] No uiautomator process found to kill, continuing...
[debug] [UiAutomator] Moving to state 'stopped'
[debug] [Logcat] Stopping logcat capture
[debug] [ADB] Getting connected devices...
[debug] [ADB] 1 device(s) connected
[debug] [ADB] Running 'D:\Android\AndroidSDK\platform-tools\adb.exe' with args: ["-P",5037,"-s","b272eea9","shell","am","force-stop","io.appium.unlock"]
[debug] [AndroidDriver] Not cleaning generated files. Add `clearSystemFiles` capability if wanted.
[HTTP] <-- POST /wd/hub/session 500 28755 ms - 299 
