[Appium] Welcome to Appium v1.7.2
[Appium] Non-default server args:
[Appium]   address: 127.0.0.1
[Appium]   bootstrapPort: 9515
[Appium]   sessionOverride: true
[Appium]   udid: GWY0217826005102
[Appium] Deprecated server args:
[Appium]   -U,--udid => --default-capabilities '{"udid":"GWY0217826005102"}'
[Appium] Default capabilities, which will be added to each request unless overridden by desired capabilities:
[Appium]   udid: GWY0217826005102
[Appium] Appium REST http interface listener started on 127.0.0.1:4723
[HTTP] --> GET /wd/hub/status {}
[debug] [MJSONWP] Calling AppiumDriver.getStatus() with args: []
[debug] [MJSONWP] Responding to client with driver.getStatus() result: {"build":{"version":"1.7.2","revision":null}}
[HTTP] <-- GET /wd/hub/status 200 57 ms - 72 
[HTTP] --> POST /wd/hub/session {"capabilities":{"firstMatch":[{}],"alwaysMatch":{"platformName":"android"}},"desiredCapabilities":{"appPackage":"com.tude.android","appActivity":".base.SplashActivity","udid":"GWY0217826005102","recreateChromeDriverSessions":"True","platformName":"android","deviceName":"GWY0217826005102","noReset":"False","noSign":"True","unicodeKeyboard":"True"}}
[debug] [MJSONWP] Calling AppiumDriver.createSession() with args: [{"appPackage":"com.tude.android","appActivity":".base.SplashActivity","udid":"GWY0217826005102","recreateChromeDriverSessions":"True","platformName":"android","deviceName":"GWY0217826005102","noReset":"False","noSign":"True","unicodeKeyboard":"True"},null,{"firstMatch":[{}],"alwaysMatch":{"platformName":"android"}}]
[debug] [BaseDriver] Event 'newSessionRequested' logged at 1526381870497 (18:57:50 GMT+0800 (中国标准时间))
[Appium] Merged W3C capabilities {"firstMatch":[{}],"alwaysMatch":{"platformName... into desiredCapabilities object {"appPackage":"com.tude.android","appActivity":...
[Appium] Creating new AndroidDriver (v1.40.0) session
[Appium] Capabilities:
[Appium]   appPackage: com.tude.android
[Appium]   appActivity: .base.SplashActivity
[Appium]   udid: GWY0217826005102
[Appium]   recreateChromeDriverSessions: True
[Appium]   platformName: android
[Appium]   deviceName: GWY0217826005102
[Appium]   noReset: False
[Appium]   noSign: True
[Appium]   unicodeKeyboard: True
[debug] [BaseDriver] 
[debug] [BaseDriver] W3C capabilities [] and MJSONWP desired capabilities  were provided
[BaseDriver] Expected W3C "capabilities" to be a JSON Object but was provided with: []
[BaseDriver] Falling back to MJSONWP desired capabilities
[BaseDriver] Capability 'noReset' changed from string to boolean. This may cause unexpected behavior
[BaseDriver] Capability 'unicodeKeyboard' changed from string to boolean. This may cause unexpected behavior
[BaseDriver] Capability 'noSign' changed from string to boolean. This may cause unexpected behavior
[BaseDriver] Session created with session id: 1d9ec849-c1b1-497e-9e74-cbae0f901a5f
[debug] [AndroidDriver] Getting Java version
[AndroidDriver] Java version is: 1.8.0_131
[ADB] Checking whether adb is present
[ADB] Found the following 'build-tools' folders (newest first):
[ADB]     D:/Android/AndroidSDK/build-tools/27.0.3/
    D:/Android/AndroidSDK/build-tools/27.0.0/
[ADB] Using adb.exe from D:\Android\AndroidSDK\platform-tools\adb.exe
[AndroidDriver] Retrieving device list
[debug] [ADB] Trying to find a connected android device
[debug] [ADB] Getting connected devices...
[debug] [ADB] 1 device(s) connected
[AndroidDriver] Using device: GWY0217826005102
[ADB] Checking whether adb is present
[debug] [ADB] Setting device id to GWY0217826005102
[AndroidDriver] App file was not listed, instead we're going to run com.tude.android directly on the device
[debug] [AndroidDriver] Checking whether package is present on the device
[debug] [ADB] Getting connected devices...
[debug] [ADB] 1 device(s) connected
[debug] [ADB] Running 'D:\Android\AndroidSDK\platform-tools\adb.exe' with args: ["-P",5037,"-s","GWY0217826005102","shell","pm","list","packages","com.tude.android"]
[AndroidDriver] Starting Android session
[debug] [ADB] Running 'D:\Android\AndroidSDK\platform-tools\adb.exe' with args: ["-P",5037,"-s","GWY0217826005102","wait-for-device"]
[debug] [ADB] Getting connected devices...
[debug] [ADB] 1 device(s) connected
[debug] [ADB] Running 'D:\Android\AndroidSDK\platform-tools\adb.exe' with args: ["-P",5037,"-s","GWY0217826005102","shell","echo","ping"]
[debug] [AndroidDriver] Pushing settings apk to device...
[debug] [ADB] Getting install status for io.appium.settings
[debug] [ADB] Getting connected devices...
[debug] [ADB] 1 device(s) connected
[debug] [ADB] Running 'D:\Android\AndroidSDK\platform-tools\adb.exe' with args: ["-P",5037,"-s","GWY0217826005102","shell","pm","list","packages","io.appium.settings"]
[debug] [ADB] App is not installed
[debug] [ADB] App 'D:\nodejs\new_modules\node_modules\appium\node_modules\_io.appium.settings@2.4.0@io.appium.settings\app\build\outputs\apk\settings_apk-debug.apk' not installed. Installing
[debug] [ADB] Getting connected devices...
[debug] [ADB] 1 device(s) connected
[debug] [ADB] Running 'D:\Android\AndroidSDK\platform-tools\adb.exe' with args: ["-P",5037,"-s","GWY0217826005102","shell","getprop","ro.build.version.sdk"]
[debug] [ADB] Current device property 'ro.build.version.sdk': 26
[debug] [ADB] Device API level: 26
[debug] [ADB] Running 'D:\Android\AndroidSDK\platform-tools\adb.exe' with args: ["-P",5037,"-s","GWY0217826005102","install","-g","D:\\nodejs\\new_modules\\node_modules\\appium\\node_modules\\_io.appium.settings@2.4.0@io.appium.settings\\app\\build\\outputs\\apk\\settings_apk-debug.apk"]
[debug] [ADB] Install command stdout: Success
[debug] [ADB] Getting connected devices...
[debug] [ADB] 1 device(s) connected
[debug] [ADB] Running 'D:\Android\AndroidSDK\platform-tools\adb.exe' with args: ["-P",5037,"-s","GWY0217826005102","shell","ps"]
[debug] [ADB] Device API level: 26
[debug] [ADB] Getting connected devices...
[debug] [ADB] 1 device(s) connected
[debug] [ADB] Running 'D:\Android\AndroidSDK\platform-tools\adb.exe' with args: ["-P",5037,"-s","GWY0217826005102","shell","am","start","-W","-n","io.appium.settings/.Settings","-a","android.intent.action.MAIN","-c","android.intent.category.LAUNCHER","-f","0x10200000"]
[debug] [ADB] Device API level: 26
[debug] [ADB] Getting connected devices...
[debug] [ADB] 1 device(s) connected
[debug] [ADB] Running 'D:\Android\AndroidSDK\platform-tools\adb.exe' with args: ["-P",5037,"-s","GWY0217826005102","shell","appops","set","io.appium.settings","android:mock_location","allow"]
[AndroidDriver] setDeviceLanguageCountry requires language or country.
[AndroidDriver] Got language: 'null' and country: 'null'
[debug] [Logcat] Starting logcat capture
[debug] [AndroidDriver] Enabling Unicode keyboard support
[debug] [AndroidDriver] Pushing unicode ime to device...
[debug] [ADB] Running 'D:\Android\AndroidSDK\platform-tools\adb.exe' with args: ["-P",5037,"-s","GWY0217826005102","install","D:\\nodejs\\new_modules\\node_modules\\appium\\node_modules\\_appium-android-ime@2.0.0@appium-android-ime\\bin\\UnicodeIME-debug.apk"]
[debug] [ADB] Install command stdout: Success
[debug] [ADB] Getting connected devices...
[debug] [ADB] 1 device(s) connected
[debug] [ADB] Running 'D:\Android\AndroidSDK\platform-tools\adb.exe' with args: ["-P",5037,"-s","GWY0217826005102","shell","settings","get","secure","default_input_method"]
[debug] [AndroidDriver] Unsetting previous IME com.baidu.input_huawei/.ImeService
[debug] [AndroidDriver] Setting IME to 'io.appium.android.ime/.UnicodeIME'
[debug] [ADB] Getting connected devices...
[debug] [ADB] 1 device(s) connected
[debug] [ADB] Running 'D:\Android\AndroidSDK\platform-tools\adb.exe' with args: ["-P",5037,"-s","GWY0217826005102","shell","ime","enable","io.appium.android.ime/.UnicodeIME"]
[debug] [ADB] Getting connected devices...
[debug] [ADB] 1 device(s) connected
[debug] [ADB] Running 'D:\Android\AndroidSDK\platform-tools\adb.exe' with args: ["-P",5037,"-s","GWY0217826005102","shell","ime","set","io.appium.android.ime/.UnicodeIME"]
[debug] [AndroidDriver] Pushing unlock helper app to device...
[debug] [ADB] Getting install status for io.appium.unlock
[debug] [ADB] Getting connected devices...
[debug] [ADB] 1 device(s) connected
[debug] [ADB] Running 'D:\Android\AndroidSDK\platform-tools\adb.exe' with args: ["-P",5037,"-s","GWY0217826005102","shell","pm","list","packages","io.appium.unlock"]
[debug] [ADB] App is not installed
[debug] [ADB] App 'D:\nodejs\new_modules\node_modules\appium\node_modules\_appium-unlock@2.0.0@appium-unlock\bin\unlock_apk-debug.apk' not installed. Installing
[debug] [ADB] Device API level: 26
[debug] [ADB] Running 'D:\Android\AndroidSDK\platform-tools\adb.exe' with args: ["-P",5037,"-s","GWY0217826005102","install","-g","D:\\nodejs\\new_modules\\node_modules\\appium\\node_modules\\_appium-unlock@2.0.0@appium-unlock\\bin\\unlock_apk-debug.apk"]
[debug] [ADB] Install command stdout: Success
[ADB] Getting device platform version
[debug] [ADB] Getting connected devices...
[debug] [ADB] 1 device(s) connected
[debug] [ADB] Running 'D:\Android\AndroidSDK\platform-tools\adb.exe' with args: ["-P",5037,"-s","GWY0217826005102","shell","getprop","ro.build.version.release"]
[debug] [ADB] Current device property 'ro.build.version.release': 8.0.0
[debug] [ADB] Getting connected devices...
[debug] [ADB] 1 device(s) connected
[debug] [ADB] Running 'D:\Android\AndroidSDK\platform-tools\adb.exe' with args: ["-P",5037,"-s","GWY0217826005102","shell","wm","size"]
[debug] [ADB] Getting connected devices...
[debug] [ADB] 1 device(s) connected
[debug] [ADB] Running 'D:\Android\AndroidSDK\platform-tools\adb.exe' with args: ["-P",5037,"-s","GWY0217826005102","shell","getprop","ro.product.model"]
[debug] [ADB] Current device property 'ro.product.model': MHA-AL00
[debug] [ADB] Getting connected devices...
[debug] [ADB] 1 device(s) connected
[debug] [ADB] Running 'D:\Android\AndroidSDK\platform-tools\adb.exe' with args: ["-P",5037,"-s","GWY0217826005102","shell","getprop","ro.product.manufacturer"]
[debug] [ADB] Current device property 'ro.product.manufacturer': HUAWEI
[AndroidDriver] No app sent in, not parsing package/activity
[debug] [AndroidDriver] No app capability. Assuming it is already on the device
[debug] [ADB] Getting install status for com.tude.android
[debug] [ADB] Getting connected devices...
[debug] [ADB] 1 device(s) connected
[debug] [ADB] Running 'D:\Android\AndroidSDK\platform-tools\adb.exe' with args: ["-P",5037,"-s","GWY0217826005102","shell","pm","list","packages","com.tude.android"]
[debug] [ADB] App is installed
[debug] [ADB] Getting connected devices...
[debug] [ADB] 1 device(s) connected
[debug] [ADB] Running 'D:\Android\AndroidSDK\platform-tools\adb.exe' with args: ["-P",5037,"-s","GWY0217826005102","shell","am","force-stop","com.tude.android"]
[debug] [ADB] Getting connected devices...
[debug] [ADB] 1 device(s) connected
[debug] [ADB] Running 'D:\Android\AndroidSDK\platform-tools\adb.exe' with args: ["-P",5037,"-s","GWY0217826005102","shell","pm","clear","com.tude.android"]
[debug] [AndroidDriver] Performed fast reset on the installed 'com.tude.android' application (stop and clear)
[debug] [AndroidBootstrap] Watching for bootstrap disconnect
[debug] [ADB] Forwarding system: 9515 to device: 4724
[debug] [ADB] Running 'D:\Android\AndroidSDK\platform-tools\adb.exe' with args: ["-P",5037,"-s","GWY0217826005102","forward","tcp:9515","tcp:4724"]
[debug] [UiAutomator] Starting UiAutomator
[debug] [UiAutomator] Moving to state 'starting'
[debug] [UiAutomator] Parsing uiautomator jar
[debug] [UiAutomator] Found jar name: 'AppiumBootstrap.jar'
[debug] [ADB] Running 'D:\Android\AndroidSDK\platform-tools\adb.exe' with args: ["-P",5037,"-s","GWY0217826005102","push","D:\\nodejs\\new_modules\\node_modules\\appium\\node_modules\\_appium-android-bootstrap@2.10.0@appium-android-bootstrap\\bootstrap\\bin\\AppiumBootstrap.jar","/data/local/tmp/"]
[debug] [ADB] Attempting to kill all uiautomator processes
[debug] [ADB] Getting all processes with uiautomator
[debug] [ADB] Getting connected devices...
[debug] [ADB] 1 device(s) connected
[debug] [ADB] Running 'D:\Android\AndroidSDK\platform-tools\adb.exe' with args: ["-P",5037,"-s","GWY0217826005102","shell","ps"]
[ADB] No uiautomator process found to kill, continuing...
[debug] [UiAutomator] Starting UIAutomator
[debug] [ADB] Creating ADB subprocess with args: ["-P",5037,"-s","GWY0217826005102","shell","uiautomator","runtest","AppiumBootstrap.jar","-c","io.appium.android.bootstrap.Bootstrap","-e","pkg","com.tude.android","-e","disableAndroidWatchers",false,"-e","acceptSslCerts",false]
[debug] [UiAutomator] Moving to state 'online'
[debug] [AndroidBootstrap] [BOOTSTRAP LOG] [debug] Registered crash watchers.
[AndroidBootstrap] Android bootstrap socket is now connected
[debug] [ADB] Getting connected devices...
[debug] [AndroidBootstrap] [BOOTSTRAP LOG] [debug] Client connected
[debug] [ADB] 1 device(s) connected
[debug] [ADB] Running 'D:\Android\AndroidSDK\platform-tools\adb.exe' with args: ["-P",5037,"-s","GWY0217826005102","shell","dumpsys","window"]
[AndroidDriver] Screen already unlocked, doing nothing
[debug] [ADB] Device API level: 26
[debug] [ADB] Getting connected devices...
[debug] [ADB] 1 device(s) connected
[debug] [ADB] Running 'D:\Android\AndroidSDK\platform-tools\adb.exe' with args: ["-P",5037,"-s","GWY0217826005102","shell","am","start","-W","-n","com.tude.android/.base.SplashActivity","-S","-a","android.intent.action.MAIN","-c","android.intent.category.LAUNCHER","-f","0x10200000"]
[Appium] New AndroidDriver session created successfully, session 1d9ec849-c1b1-497e-9e74-cbae0f901a5f added to master session list
[debug] [BaseDriver] Event 'newSessionStarted' logged at 1526381881710 (18:58:01 GMT+0800 (中国标准时间))
[debug] [MJSONWP] Responding to client with driver.createSession() result: {"platform":"LINUX","webStorageEnabled":false,"takesScreenshot":true,"javascriptEnabled":true,"databaseEnabled":false,"networkConnectionEnabled":true,"locationContextEnabled":false,"warnings":{},"desired":{"appPackage":"com.tude.android","appActivity":".base.SplashActivity","udid":"GWY0217826005102","recreateChromeDriverSessions":"True","platformName":"android","deviceName":"GWY0217826005102","noReset":false,"noSign":true,"unicodeKeyboard":true},"appPackage":"com.tude.android","appActivity":".base.SplashActivity","udid":"GWY0217826005102","recreateChromeDriverSessions":"True","platformName":"android","deviceName":"GWY0217826005102","noReset":false,"noSign":true,"unicodeKeyboard":true,"deviceUDID":"GWY0217826005102","platformVersion":"8.0.0","deviceScreenSize":"1080x1920","deviceModel":"MHA-AL00","deviceManufacturer":"HUAWEI"}
[HTTP] <-- POST /wd/hub/session 200 11215 ms - 909 
[HTTP] --> POST /wd/hub/session/1d9ec849-c1b1-497e-9e74-cbae0f901a5f/timeouts/implicit_wait {"ms":10000,"sessionId":"1d9ec849-c1b1-497e-9e74-cbae0f901a5f"}
[debug] [MJSONWP] Calling AppiumDriver.implicitWait() with args: [10000,"1d9ec849-c1b1-497e-9e74-cbae0f901a5f"]
[debug] [BaseDriver] Set implicit wait to 10000ms
[debug] [MJSONWP] Responding to client with driver.implicitWait() result: null
[HTTP] <-- POST /wd/hub/session/1d9ec849-c1b1-497e-9e74-cbae0f901a5f/timeouts/implicit_wait 200 8 ms - 76 
[HTTP] --> POST /wd/hub/session/1d9ec849-c1b1-497e-9e74-cbae0f901a5f/element {"using":"id","value":"com.android.packageinstaller:id/permission_allow_button","sessionId":"1d9ec849-c1b1-497e-9e74-cbae0f901a5f"}
[debug] [MJSONWP] Calling AppiumDriver.findElement() with args: ["id","com.android.packageinstaller:id/permission_allow_button","1d9ec849-c1b1-497e-9e74-cbae0f901a5f"]
[debug] [BaseDriver] Valid locator strategies for this request: xpath, id, class name, accessibility id, -android uiautomator
[debug] [BaseDriver] Valid locator strategies for this request: xpath, id, class name, accessibility id, -android uiautomator
[debug] [BaseDriver] Waiting up to 10000 ms for condition
[debug] [AndroidBootstrap] Sending command to android: {"cmd":"action","action":"find","params":{"strategy":"id","selector":"com.android.packageinstaller:id/permission_allow_button","context":"","multiple":false}}
[debug] [AndroidBootstrap] [BOOTSTRAP LOG] [debug] Got data from client: {"cmd":"action","action":"find","params":{"strategy":"id","selector":"com.android.packageinstaller:id/permission_allow_button","context":"","multiple":false}}
[debug] [AndroidBootstrap] [BOOTSTRAP LOG] [debug] Got command of type ACTION
[debug] [AndroidBootstrap] [BOOTSTRAP LOG] [debug] Got command action: find
[debug] [AndroidBootstrap] [BOOTSTRAP LOG] [debug] Finding 'com.android.packageinstaller:id/permission_allow_button' using 'ID' with the contextId: '' multiple: false
[debug] [AndroidBootstrap] [BOOTSTRAP LOG] [debug] Using: UiSelector[INSTANCE=0, RESOURCE_ID=com.android.packageinstaller:id/permission_allow_button]
[debug] [AndroidBootstrap] Received command result from bootstrap
[debug] [MJSONWP] Responding to client with driver.findElement() result: {"ELEMENT":"1"}
[HTTP] <-- POST /wd/hub/session/1d9ec849-c1b1-497e-9e74-cbae0f901a5f/element 200 926 ms - 87 
[debug] [AndroidBootstrap] [BOOTSTRAP LOG] [debug] Returning result: {"status":0,"value":{"ELEMENT":"1"}}
[HTTP] --> POST /wd/hub/session/1d9ec849-c1b1-497e-9e74-cbae0f901a5f/element/1/click {"id":"1","sessionId":"1d9ec849-c1b1-497e-9e74-cbae0f901a5f"}
[debug] [MJSONWP] Calling AppiumDriver.click() with args: ["1","1d9ec849-c1b1-497e-9e74-cbae0f901a5f"]
[debug] [AndroidBootstrap] Sending command to android: {"cmd":"action","action":"element:click","params":{"elementId":"1"}}
[debug] [AndroidBootstrap] [BOOTSTRAP LOG] [debug] Got data from client: {"cmd":"action","action":"element:click","params":{"elementId":"1"}}
[debug] [AndroidBootstrap] [BOOTSTRAP LOG] [debug] Got command of type ACTION
[debug] [AndroidBootstrap] [BOOTSTRAP LOG] [debug] Got command action: click
[debug] [AndroidBootstrap] [BOOTSTRAP LOG] [debug] Returning result: {"status":0,"value":true}
[debug] [AndroidBootstrap] Received command result from bootstrap
[debug] [MJSONWP] Responding to client with driver.click() result: true
[HTTP] <-- POST /wd/hub/session/1d9ec849-c1b1-497e-9e74-cbae0f901a5f/element/1/click 200 200 ms - 76 
[HTTP] --> POST /wd/hub/session/1d9ec849-c1b1-497e-9e74-cbae0f901a5f/element {"using":"id","value":"com.android.packageinstaller:id/permission_allow_button","sessionId":"1d9ec849-c1b1-497e-9e74-cbae0f901a5f"}
[debug] [MJSONWP] Calling AppiumDriver.findElement() with args: ["id","com.android.packageinstaller:id/permission_allow_button","1d9ec849-c1b1-497e-9e74-cbae0f901a5f"]
[debug] [BaseDriver] Valid locator strategies for this request: xpath, id, class name, accessibility id, -android uiautomator
[debug] [BaseDriver] Valid locator strategies for this request: xpath, id, class name, accessibility id, -android uiautomator
[debug] [BaseDriver] Waiting up to 10000 ms for condition
[debug] [AndroidBootstrap] Sending command to android: {"cmd":"action","action":"find","params":{"strategy":"id","selector":"com.android.packageinstaller:id/permission_allow_button","context":"","multiple":false}}
[debug] [AndroidBootstrap] [BOOTSTRAP LOG] [debug] Got data from client: {"cmd":"action","action":"find","params":{"strategy":"id","selector":"com.android.packageinstaller:id/permission_allow_button","context":"","multiple":false}}
[debug] [AndroidBootstrap] [BOOTSTRAP LOG] [debug] Got command of type ACTION
[debug] [AndroidBootstrap] [BOOTSTRAP LOG] [debug] Got command action: find
[debug] [AndroidBootstrap] [BOOTSTRAP LOG] [debug] Finding 'com.android.packageinstaller:id/permission_allow_button' using 'ID' with the contextId: '' multiple: false
[debug] [AndroidBootstrap] [BOOTSTRAP LOG] [debug] Using: UiSelector[INSTANCE=0, RESOURCE_ID=com.android.packageinstaller:id/permission_allow_button]
[debug] [AndroidBootstrap] Received command result from bootstrap
[debug] [MJSONWP] Responding to client with driver.findElement() result: {"ELEMENT":"2"}
[HTTP] <-- POST /wd/hub/session/1d9ec849-c1b1-497e-9e74-cbae0f901a5f/element 200 687 ms - 87 
[debug] [AndroidBootstrap] [BOOTSTRAP LOG] [debug] Returning result: {"status":0,"value":{"ELEMENT":"2"}}
[HTTP] --> POST /wd/hub/session/1d9ec849-c1b1-497e-9e74-cbae0f901a5f/element/2/click {"id":"2","sessionId":"1d9ec849-c1b1-497e-9e74-cbae0f901a5f"}
[debug] [MJSONWP] Calling AppiumDriver.click() with args: ["2","1d9ec849-c1b1-497e-9e74-cbae0f901a5f"]
[debug] [AndroidBootstrap] Sending command to android: {"cmd":"action","action":"element:click","params":{"elementId":"2"}}
[debug] [AndroidBootstrap] [BOOTSTRAP LOG] [debug] Got data from client: {"cmd":"action","action":"element:click","params":{"elementId":"2"}}
[debug] [AndroidBootstrap] [BOOTSTRAP LOG] [debug] Got command of type ACTION
[debug] [AndroidBootstrap] [BOOTSTRAP LOG] [debug] Got command action: click
[debug] [AndroidBootstrap] Received command result from bootstrap
[debug] [MJSONWP] Responding to client with driver.click() result: true
[HTTP] <-- POST /wd/hub/session/1d9ec849-c1b1-497e-9e74-cbae0f901a5f/element/2/click 200 276 ms - 76 
[debug] [AndroidBootstrap] [BOOTSTRAP LOG] [debug] Returning result: {"status":0,"value":true}
[HTTP] --> POST /wd/hub/session/1d9ec849-c1b1-497e-9e74-cbae0f901a5f/element {"using":"id","value":"com.android.packageinstaller:id/permission_allow_button","sessionId":"1d9ec849-c1b1-497e-9e74-cbae0f901a5f"}
[debug] [MJSONWP] Calling AppiumDriver.findElement() with args: ["id","com.android.packageinstaller:id/permission_allow_button","1d9ec849-c1b1-497e-9e74-cbae0f901a5f"]
[debug] [BaseDriver] Valid locator strategies for this request: xpath, id, class name, accessibility id, -android uiautomator
[debug] [BaseDriver] Valid locator strategies for this request: xpath, id, class name, accessibility id, -android uiautomator
[debug] [BaseDriver] Waiting up to 10000 ms for condition
[debug] [AndroidBootstrap] Sending command to android: {"cmd":"action","action":"find","params":{"strategy":"id","selector":"com.android.packageinstaller:id/permission_allow_button","context":"","multiple":false}}
[debug] [AndroidBootstrap] [BOOTSTRAP LOG] [debug] Got data from client: {"cmd":"action","action":"find","params":{"strategy":"id","selector":"com.android.packageinstaller:id/permission_allow_button","context":"","multiple":false}}
[debug] [AndroidBootstrap] [BOOTSTRAP LOG] [debug] Got command of type ACTION
[debug] [AndroidBootstrap] [BOOTSTRAP LOG] [debug] Got command action: find
[debug] [AndroidBootstrap] [BOOTSTRAP LOG] [debug] Finding 'com.android.packageinstaller:id/permission_allow_button' using 'ID' with the contextId: '' multiple: false
[debug] [AndroidBootstrap] [BOOTSTRAP LOG] [debug] Using: UiSelector[INSTANCE=0, RESOURCE_ID=com.android.packageinstaller:id/permission_allow_button]
[debug] [AndroidBootstrap] [BOOTSTRAP LOG] [debug] Returning result: {"status":0,"value":{"ELEMENT":"3"}}
[debug] [AndroidBootstrap] Received command result from bootstrap
[debug] [MJSONWP] Responding to client with driver.findElement() result: {"ELEMENT":"3"}
[HTTP] <-- POST /wd/hub/session/1d9ec849-c1b1-497e-9e74-cbae0f901a5f/element 200 608 ms - 87 
[HTTP] --> POST /wd/hub/session/1d9ec849-c1b1-497e-9e74-cbae0f901a5f/element/3/click {"id":"3","sessionId":"1d9ec849-c1b1-497e-9e74-cbae0f901a5f"}
[debug] [MJSONWP] Calling AppiumDriver.click() with args: ["3","1d9ec849-c1b1-497e-9e74-cbae0f901a5f"]
[debug] [AndroidBootstrap] Sending command to android: {"cmd":"action","action":"element:click","params":{"elementId":"3"}}
[debug] [AndroidBootstrap] [BOOTSTRAP LOG] [debug] Got data from client: {"cmd":"action","action":"element:click","params":{"elementId":"3"}}
[debug] [AndroidBootstrap] [BOOTSTRAP LOG] [debug] Got command of type ACTION
[debug] [AndroidBootstrap] [BOOTSTRAP LOG] [debug] Got command action: click
[debug] [AndroidBootstrap] Received command result from bootstrap
[debug] [MJSONWP] Responding to client with driver.click() result: true
[HTTP] <-- POST /wd/hub/session/1d9ec849-c1b1-497e-9e74-cbae0f901a5f/element/3/click 200 237 ms - 76 
[debug] [AndroidBootstrap] [BOOTSTRAP LOG] [debug] Returning result: {"status":0,"value":true}
[HTTP] --> POST /wd/hub/session/1d9ec849-c1b1-497e-9e74-cbae0f901a5f/element {"using":"id","value":"com.android.packageinstaller:id/permission_allow_button","sessionId":"1d9ec849-c1b1-497e-9e74-cbae0f901a5f"}
[debug] [MJSONWP] Calling AppiumDriver.findElement() with args: ["id","com.android.packageinstaller:id/permission_allow_button","1d9ec849-c1b1-497e-9e74-cbae0f901a5f"]
[debug] [BaseDriver] Valid locator strategies for this request: xpath, id, class name, accessibility id, -android uiautomator
[debug] [BaseDriver] Valid locator strategies for this request: xpath, id, class name, accessibility id, -android uiautomator
[debug] [BaseDriver] Waiting up to 10000 ms for condition
[debug] [AndroidBootstrap] Sending command to android: {"cmd":"action","action":"find","params":{"strategy":"id","selector":"com.android.packageinstaller:id/permission_allow_button","context":"","multiple":false}}
[debug] [AndroidBootstrap] [BOOTSTRAP LOG] [debug] Got data from client: {"cmd":"action","action":"find","params":{"strategy":"id","selector":"com.android.packageinstaller:id/permission_allow_button","context":"","multiple":false}}
[debug] [AndroidBootstrap] [BOOTSTRAP LOG] [debug] Got command of type ACTION
[debug] [AndroidBootstrap] [BOOTSTRAP LOG] [debug] Got command action: find
[debug] [AndroidBootstrap] [BOOTSTRAP LOG] [debug] Finding 'com.android.packageinstaller:id/permission_allow_button' using 'ID' with the contextId: '' multiple: false
[debug] [AndroidBootstrap] [BOOTSTRAP LOG] [debug] Using: UiSelector[INSTANCE=0, RESOURCE_ID=com.android.packageinstaller:id/permission_allow_button]
[debug] [AndroidBootstrap] Received command result from bootstrap
[debug] [MJSONWP] Responding to client with driver.findElement() result: {"ELEMENT":"4"}
[HTTP] <-- POST /wd/hub/session/1d9ec849-c1b1-497e-9e74-cbae0f901a5f/element 200 596 ms - 87 
[debug] [AndroidBootstrap] [BOOTSTRAP LOG] [debug] Returning result: {"status":0,"value":{"ELEMENT":"4"}}
[HTTP] --> POST /wd/hub/session/1d9ec849-c1b1-497e-9e74-cbae0f901a5f/element/4/click {"id":"4","sessionId":"1d9ec849-c1b1-497e-9e74-cbae0f901a5f"}
[debug] [MJSONWP] Calling AppiumDriver.click() with args: ["4","1d9ec849-c1b1-497e-9e74-cbae0f901a5f"]
[debug] [AndroidBootstrap] Sending command to android: {"cmd":"action","action":"element:click","params":{"elementId":"4"}}
[debug] [AndroidBootstrap] [BOOTSTRAP LOG] [debug] Got data from client: {"cmd":"action","action":"element:click","params":{"elementId":"4"}}
[debug] [AndroidBootstrap] [BOOTSTRAP LOG] [debug] Got command of type ACTION
[debug] [AndroidBootstrap] [BOOTSTRAP LOG] [debug] Got command action: click
[debug] [AndroidBootstrap] Received command result from bootstrap
[debug] [MJSONWP] Responding to client with driver.click() result: true
[HTTP] <-- POST /wd/hub/session/1d9ec849-c1b1-497e-9e74-cbae0f901a5f/element/4/click 200 3123 ms - 76 
[debug] [AndroidBootstrap] [BOOTSTRAP LOG] [debug] Returning result: {"status":0,"value":true}
[HTTP] --> POST /wd/hub/session/1d9ec849-c1b1-497e-9e74-cbae0f901a5f/element {"using":"id","value":"com.tude.android:id/btn_cart","sessionId":"1d9ec849-c1b1-497e-9e74-cbae0f901a5f"}
[debug] [MJSONWP] Calling AppiumDriver.findElement() with args: ["id","com.tude.android:id/btn_cart","1d9ec849-c1b1-497e-9e74-cbae0f901a5f"]
[debug] [BaseDriver] Valid locator strategies for this request: xpath, id, class name, accessibility id, -android uiautomator
[debug] [BaseDriver] Valid locator strategies for this request: xpath, id, class name, accessibility id, -android uiautomator
[debug] [BaseDriver] Waiting up to 10000 ms for condition
[debug] [AndroidBootstrap] Sending command to android: {"cmd":"action","action":"find","params":{"strategy":"id","selector":"com.tude.android:id/btn_cart","context":"","multiple":false}}
[debug] [AndroidBootstrap] [BOOTSTRAP LOG] [debug] Got data from client: {"cmd":"action","action":"find","params":{"strategy":"id","selector":"com.tude.android:id/btn_cart","context":"","multiple":false}}
[debug] [AndroidBootstrap] [BOOTSTRAP LOG] [debug] Got command of type ACTION
[debug] [AndroidBootstrap] [BOOTSTRAP LOG] [debug] Got command action: find
[debug] [AndroidBootstrap] [BOOTSTRAP LOG] [debug] Finding 'com.tude.android:id/btn_cart' using 'ID' with the contextId: '' multiple: false
[debug] [AndroidBootstrap] [BOOTSTRAP LOG] [debug] Using: UiSelector[INSTANCE=0, RESOURCE_ID=com.tude.android:id/btn_cart]
[debug] [AndroidBootstrap] [BOOTSTRAP LOG] [debug] Failed to locate element. Clearing Accessibility cache and retrying.
[debug] [AndroidBootstrap] [BOOTSTRAP LOG] [debug] Finding 'com.tude.android:id/btn_cart' using 'ID' with the contextId: '' multiple: false
[debug] [AndroidBootstrap] [BOOTSTRAP LOG] [debug] Using: UiSelector[INSTANCE=0, RESOURCE_ID=com.tude.android:id/btn_cart]
[debug] [AndroidBootstrap] [BOOTSTRAP LOG] [debug] Returning result: {"status":7,"value":"No element found"}
[debug] [AndroidBootstrap] Received command result from bootstrap
[debug] [BaseDriver] Waited for 2293 ms so far
[debug] [AndroidBootstrap] Sending command to android: {"cmd":"action","action":"find","params":{"strategy":"id","selector":"com.tude.android:id/btn_cart","context":"","multiple":false}}
[debug] [AndroidBootstrap] [BOOTSTRAP LOG] [debug] Got data from client: {"cmd":"action","action":"find","params":{"strategy":"id","selector":"com.tude.android:id/btn_cart","context":"","multiple":false}}
[debug] [AndroidBootstrap] [BOOTSTRAP LOG] [debug] Got command of type ACTION
[debug] [AndroidBootstrap] [BOOTSTRAP LOG] [debug] Got command action: find
[debug] [AndroidBootstrap] [BOOTSTRAP LOG] [debug] Finding 'com.tude.android:id/btn_cart' using 'ID' with the contextId: '' multiple: false
[debug] [AndroidBootstrap] [BOOTSTRAP LOG] [debug] Using: UiSelector[INSTANCE=0, RESOURCE_ID=com.tude.android:id/btn_cart]
[debug] [AndroidBootstrap] [BOOTSTRAP LOG] [debug] Failed to locate element. Clearing Accessibility cache and retrying.
[debug] [AndroidBootstrap] [BOOTSTRAP LOG] [debug] Finding 'com.tude.android:id/btn_cart' using 'ID' with the contextId: '' multiple: false
[debug] [AndroidBootstrap] [BOOTSTRAP LOG] [debug] Using: UiSelector[INSTANCE=0, RESOURCE_ID=com.tude.android:id/btn_cart]
[debug] [AndroidBootstrap] [BOOTSTRAP LOG] [debug] Returning result: {"status":7,"value":"No element found"}
[debug] [AndroidBootstrap] Received command result from bootstrap
[HTTP] <-- POST /wd/hub/session/1d9ec849-c1b1-497e-9e74-cbae0f901a5f/element 500 11384 ms - 164 
[HTTP] --> DELETE /wd/hub/session/1d9ec849-c1b1-497e-9e74-cbae0f901a5f {}
[debug] [MJSONWP] Calling AppiumDriver.deleteSession() with args: ["1d9ec849-c1b1-497e-9e74-cbae0f901a5f"]
[debug] [BaseDriver] Event 'quitSessionRequested' logged at 1526381899863 (18:58:19 GMT+0800 (中国标准时间))
[Appium] Removing session 1d9ec849-c1b1-497e-9e74-cbae0f901a5f from our master session list
[debug] [AndroidDriver] Shutting down Android driver
[debug] [ADB] Getting connected devices...
[debug] [ADB] 1 device(s) connected
[debug] [ADB] Running 'D:\Android\AndroidSDK\platform-tools\adb.exe' with args: ["-P",5037,"-s","GWY0217826005102","shell","am","force-stop","com.tude.android"]
[debug] [ADB] Pressing the HOME button
[debug] [ADB] Getting connected devices...
[debug] [ADB] 1 device(s) connected
[debug] [ADB] Running 'D:\Android\AndroidSDK\platform-tools\adb.exe' with args: ["-P",5037,"-s","GWY0217826005102","shell","input","keyevent",3]
[debug] [AndroidBootstrap] Sending command to android: {"cmd":"shutdown"}
[debug] [AndroidBootstrap] [BOOTSTRAP LOG] [debug] Got data from client: {"cmd":"shutdown"}
[debug] [AndroidBootstrap] [BOOTSTRAP LOG] [debug] Got command of type SHUTDOWN
[debug] [AndroidBootstrap] [BOOTSTRAP LOG] [debug] Returning result: {"status":0,"value":"OK, shutting down"}
[debug] [AndroidBootstrap] Received command result from bootstrap
[debug] [UiAutomator] Shutting down UiAutomator
[debug] [UiAutomator] Moving to state 'stopping'
[debug] [AndroidBootstrap] [BOOTSTRAP LOG] [debug] Closed client connection
[debug] [AndroidBootstrap] [UIAUTO STDOUT] INSTRUMENTATION_STATUS: numtests=1
[debug] [AndroidBootstrap] [UIAUTO STDOUT] INSTRUMENTATION_STATUS: stream=.
[debug] [AndroidBootstrap] [UIAUTO STDOUT] INSTRUMENTATION_STATUS: id=UiAutomatorTestRunner
[debug] [AndroidBootstrap] [UIAUTO STDOUT] INSTRUMENTATION_STATUS: test=testRunServer
[debug] [AndroidBootstrap] [UIAUTO STDOUT] INSTRUMENTATION_STATUS: class=io.appium.android.bootstrap.Bootstrap
[debug] [AndroidBootstrap] [UIAUTO STDOUT] INSTRUMENTATION_STATUS: current=1
[debug] [AndroidBootstrap] [UIAUTO STDOUT] INSTRUMENTATION_STATUS_CODE: 0
[debug] [AndroidBootstrap] [UIAUTO STDOUT] INSTRUMENTATION_STATUS: stream=
[debug] [AndroidBootstrap] [UIAUTO STDOUT] Test results for WatcherResultPrinter=.
[debug] [AndroidBootstrap] [UIAUTO STDOUT] Time: 20.319
[debug] [AndroidBootstrap] [UIAUTO STDOUT] OK (1 test)
[debug] [AndroidBootstrap] [UIAUTO STDOUT] INSTRUMENTATION_STATUS_CODE: -1
[debug] [UiAutomator] UiAutomator shut down normally
[debug] [UiAutomator] Moving to state 'stopped'
[debug] [ADB] Attempting to kill all uiautomator processes
[debug] [ADB] Getting all processes with uiautomator
[debug] [ADB] Getting connected devices...
[debug] [ADB] 1 device(s) connected
[debug] [ADB] Running 'D:\Android\AndroidSDK\platform-tools\adb.exe' with args: ["-P",5037,"-s","GWY0217826005102","shell","ps"]
[ADB] No uiautomator process found to kill, continuing...
[debug] [UiAutomator] Moving to state 'stopped'
[debug] [Logcat] Stopping logcat capture
[debug] [ADB] Getting connected devices...
[debug] [ADB] 1 device(s) connected
[debug] [ADB] Running 'D:\Android\AndroidSDK\platform-tools\adb.exe' with args: ["-P",5037,"-s","GWY0217826005102","shell","am","force-stop","io.appium.unlock"]
[debug] [AndroidDriver] Not cleaning generated files. Add `clearSystemFiles` capability if wanted.
[debug] [BaseDriver] Event 'quitSessionFinished' logged at 1526381900989 (18:58:20 GMT+0800 (中国标准时间))
[debug] [MJSONWP] Received response: null
[debug] [MJSONWP] But deleting session, so not returning
[debug] [MJSONWP] Responding to client with driver.deleteSession() result: null
[HTTP] <-- DELETE /wd/hub/session/1d9ec849-c1b1-497e-9e74-cbae0f901a5f 200 1127 ms - 76 
